<?xml version="1.0" encoding="utf-8"?><testsuites name="pytest tests"><testsuite name="pytest" errors="0" failures="0" skipped="0" tests="17" time="0.571" timestamp="2026-05-09T05:53:52.276434+00:00" hostname="agent-env-92297f45-dd24-4bb4-a14a-40189efc2ce1"><testcase classname="tests.test_phase2d_permissions" name="test_cashier_can_access_assigned_branch" time="0.001" /><testcase classname="tests.test_phase2d_permissions" name="test_cashier_blocked_from_other_branch" time="0.000" /><testcase classname="tests.test_phase2d_permissions" name="test_legacy_cashier_without_branch_ids_is_blocked" time="0.000" /><testcase classname="tests.test_phase2d_permissions" name="test_legacy_manager_without_branch_ids_is_blocked" time="0.000" /><testcase classname="tests.test_phase2d_permissions" name="test_legacy_admin_without_branch_ids_allowed_everywhere" time="0.000" /><testcase classname="tests.test_phase2d_permissions" name="test_owner_has_full_org_access" time="0.000" /><testcase classname="tests.test_phase2d_permissions" name="test_super_admin_is_privileged_everywhere" time="0.000" /><testcase classname="tests.test_phase2d_permissions" name="test_assert_admin_or_owner_blocks_cashier" time="0.000" /><testcase classname="tests.test_phase2d_permissions" name="test_assert_admin_or_owner_allows_admin_owner_super" time="0.000" /><testcase classname="tests.test_phase2d_permissions" name="test_cross_tenant_data_isolation" time="0.009" /><testcase classname="tests.test_phase2d_permissions" name="test_jwt_org_mismatch_rejects_token" time="0.002" /><testcase classname="tests.test_phase2d_permissions" name="test_jwt_aligned_org_passes" time="0.002" /><testcase classname="tests.test_phase2d_permissions" name="test_sync_posdata_scopes_customers_by_user_branches" time="0.236" /><testcase classname="tests.test_phase2d_permissions" name="test_sync_posdata_blocks_unauthorised_branch_id" time="0.002" /><testcase classname="tests.test_phase2d_permissions" name="test_sync_posdata_blocks_legacy_user_with_no_branches" time="0.001" /><testcase classname="tests.test_phase2d_permissions" name="test_inventory_pulse_blocks_unauthorised_branch" time="0.000" /><testcase classname="tests.test_phase2d_permissions" name="test_static_guard_raw_db_callsites_on_tenant_cols" time="0.005" /></testsuite></testsuites>