<?xml version="1.0" encoding="utf-8"?><testsuites name="pytest tests"><testsuite name="pytest" errors="0" failures="0" skipped="0" tests="4" time="0.955" timestamp="2026-05-09T04:19:46.739063+00:00" hostname="agent-env-ec326928-935e-4b9d-b762-a85eefd80968"><testcase classname="tests.test_phase2c_live_smoke" name="test_smoke_balance_reconciliation_live" time="0.531" /><testcase classname="tests.test_phase2c_live_smoke" name="test_smoke_products_live" time="0.109" /><testcase classname="tests.test_phase2c_live_smoke" name="test_smoke_customers_live" time="0.140" /><testcase classname="tests.test_phase2c_live_smoke" name="test_smoke_unauth_blocks_balance_reconciliation" time="0.114" /></testsuite></testsuites>