<?xml version="1.0" encoding="utf-8"?><testsuites name="pytest tests"><testsuite name="pytest" errors="0" failures="0" skipped="0" tests="6" time="8.018" timestamp="2026-05-09T09:37:32.139020+00:00" hostname="agent-env-80ba3055-567b-4dca-bd2e-05b3a9fc4445"><testcase classname="tests.test_phase4a_live_smoke" name="test_b1_preview_soft_floor_3_days" time="7.652" /><testcase classname="tests.test_phase4a_live_smoke" name="test_b2_commit_soft_floor_3_days" time="0.055" /><testcase classname="tests.test_phase4a_live_smoke" name="test_b3_commit_missing_approval_code" time="0.047" /><testcase classname="tests.test_phase4a_live_smoke" name="test_b4_commit_wrong_approval_code" time="0.088" /><testcase classname="tests.test_phase4a_live_smoke" name="test_b5_list_returns_200" time="0.045" /><testcase classname="tests.test_phase4a_live_smoke" name="test_b6_today_unified_sale_cash_no_regression" time="0.065" /></testsuite></testsuites>