<?xml version="1.0" encoding="utf-8"?><testsuites name="pytest tests"><testsuite name="pytest" errors="0" failures="0" skipped="0" tests="12" time="3.545" timestamp="2026-05-09T05:56:34.113526+00:00" hostname="agent-env-92297f45-dd24-4bb4-a14a-40189efc2ce1"><testcase classname="tests.test_phase2d_live_smoke" name="test_super_admin_login" time="0.447" /><testcase classname="tests.test_phase2d_live_smoke" name="test_org_admin_login" time="0.330" /><testcase classname="tests.test_phase2d_live_smoke" name="test_sync_posdata_admin_no_branch" time="0.128" /><testcase classname="tests.test_phase2d_live_smoke" name="test_sync_posdata_admin_with_branch" time="0.256" /><testcase classname="tests.test_phase2d_live_smoke" name="test_inventory_pulse_admin_with_branch" time="0.112" /><testcase classname="tests.test_phase2d_live_smoke" name="test_inventory_pulse_admin_no_branch" time="0.115" /><testcase classname="tests.test_phase2d_live_smoke" name="test_balance_reconciliation_admin" time="0.132" /><testcase classname="tests.test_phase2d_live_smoke" name="test_admin_products" time="0.112" /><testcase classname="tests.test_phase2d_live_smoke" name="test_admin_customers" time="0.112" /><testcase classname="tests.test_phase2d_live_smoke" name="test_admin_invoices" time="0.147" /><testcase classname="tests.test_phase2d_live_smoke" name="test_super_admin_blocked_from_tenant_invoices" time="0.138" /><testcase classname="tests.test_phase2d_live_smoke" name="test_cross_branch_cashier_blocked" time="1.444" /></testsuite></testsuites>