<?xml version="1.0" encoding="utf-8"?><testsuites name="pytest tests"><testsuite name="pytest" errors="0" failures="0" skipped="0" tests="45" time="2.399" timestamp="2026-05-09T03:33:52.285767+00:00" hostname="agent-env-ec326928-935e-4b9d-b762-a85eefd80968"><testcase classname="tests.test_phase2a_balance_recon" name="test_p2a_no_transactions_no_drift" time="0.008" /><testcase classname="tests.test_phase2a_balance_recon" name="test_p2a_credit_invoice_matches_stored_balance" time="0.004" /><testcase classname="tests.test_phase2a_balance_recon" name="test_p2a_partial_payment_correct_remaining" time="0.004" /><testcase classname="tests.test_phase2a_balance_recon" name="test_p2a_fully_paid_invoice_zero_balance" time="0.003" /><testcase classname="tests.test_phase2a_balance_recon" name="test_p2a_voided_invoice_excluded_from_ledger" time="0.003" /><testcase classname="tests.test_phase2a_balance_recon" name="test_p2a_all_non_ledger_statuses_excluded[cancelled]" time="0.004" /><testcase classname="tests.test_phase2a_balance_recon" name="test_p2a_all_non_ledger_statuses_excluded[cancelled_draft]" time="0.003" /><testcase classname="tests.test_phase2a_balance_recon" name="test_p2a_all_non_ledger_statuses_excluded[deleted]" time="0.003" /><testcase classname="tests.test_phase2a_balance_recon" name="test_p2a_all_non_ledger_statuses_excluded[error_partial_write]" time="0.003" /><testcase classname="tests.test_phase2a_balance_recon" name="test_p2a_all_non_ledger_statuses_excluded[for_preparation]" time="0.003" /><testcase classname="tests.test_phase2a_balance_recon" name="test_p2a_all_non_ledger_statuses_excluded[voided]" time="0.003" /><testcase classname="tests.test_phase2a_balance_recon" name="test_p2a_returns_already_reflected_in_invoice_balance" time="0.003" /><testcase classname="tests.test_phase2a_balance_recon" name="test_p2a_mismatch_surfaces_with_risk_classification" time="0.004" /><testcase classname="tests.test_phase2a_balance_recon" name="test_p2a_branch_scoping_filters_other_branches" time="0.007" /><testcase classname="tests.test_phase2a_balance_recon" name="test_p2a_cross_tenant_isolation" time="0.001" /><testcase classname="tests.test_phase2a_balance_recon" name="test_p2a_non_admin_denied" time="0.001" /><testcase classname="tests.test_phase2a_balance_recon" name="test_p2a_endpoint_does_not_mutate_anything" time="0.007" /><testcase classname="tests.test_phase2a_balance_recon" name="test_p2a_static_guard_no_write_calls_in_endpoint_module" time="0.000" /><testcase classname="tests.test_phase1a_security" name="test_c1_sync_payload_does_not_leak_pins" time="0.699" /><testcase classname="tests.test_phase1a_security" name="test_c1_sync_payload_unauthenticated_rejected" time="0.154" /><testcase classname="tests.test_phase1a_security" name="test_c2_setup_reset_unauthenticated_rejected" time="0.106" /><testcase classname="tests.test_phase1a_security" name="test_c2_setup_reset_admin_token_blocked_without_env_flag" time="0.147" /><testcase classname="tests.test_phase1a_security" name="test_c3_setup_totp_blocked_when_totp_already_enabled" time="0.396" /><testcase classname="tests.test_phase1a_security" name="test_jwt_org_cross_check_health_still_ok" time="0.116" /><testcase classname="tests.test_phase1b_inventory" name="test_c8_rma_generator_unique_under_concurrency" time="0.019" /><testcase classname="tests.test_phase1b_inventory" name="test_c6_finalize_draft_offline_no_double_deduction" time="0.016" /><testcase classname="tests.test_phase1b_inventory" name="test_c5_same_envelope_id_deducts_once" time="0.012" /><testcase classname="tests.test_phase1b_inventory" name="test_c4_failed_invoice_insert_does_not_deduct_stock" time="0.003" /><testcase classname="tests.test_phase1c_money" name="test_c9_assert_invoice_payable_rejects_non_payable_statuses[cancelled]" time="0.000" /><testcase classname="tests.test_phase1c_money" name="test_c9_assert_invoice_payable_rejects_non_payable_statuses[deleted]" time="0.000" /><testcase classname="tests.test_phase1c_money" name="test_c9_assert_invoice_payable_rejects_non_payable_statuses[error_partial_write]" time="0.000" /><testcase classname="tests.test_phase1c_money" name="test_c9_assert_invoice_payable_rejects_non_payable_statuses[for_preparation]" time="0.000" /><testcase classname="tests.test_phase1c_money" name="test_c9_assert_invoice_payable_rejects_non_payable_statuses[processing]" time="0.000" /><testcase classname="tests.test_phase1c_money" name="test_c9_assert_invoice_payable_rejects_non_payable_statuses[voided]" time="0.000" /><testcase classname="tests.test_phase1c_money" name="test_c9_assert_invoice_payable_allows_finalized_statuses[open]" time="0.000" /><testcase classname="tests.test_phase1c_money" name="test_c9_assert_invoice_payable_allows_finalized_statuses[partial]" time="0.000" /><testcase classname="tests.test_phase1c_money" name="test_c9_assert_invoice_payable_allows_finalized_statuses[paid]" time="0.000" /><testcase classname="tests.test_phase1c_money" name="test_c9_assert_invoice_payable_allows_finalized_statuses[credit]" time="0.000" /><testcase classname="tests.test_phase1c_money" name="test_c9_record_invoice_payment_rejects_voided" time="0.003" /><testcase classname="tests.test_phase1c_money" name="test_c9_record_invoice_payment_allows_open_invoice" time="0.005" /><testcase classname="tests.test_phase1c_money" name="test_c9_pay_receivable_rejects_cancelled" time="0.002" /><testcase classname="tests.test_phase1c_money" name="test_c9_pay_receivable_rejects_for_preparation_draft" time="0.003" /><testcase classname="tests.test_phase1c_money" name="test_c9_receive_customer_payment_skips_voided_in_batch" time="0.024" /><testcase classname="tests.test_phase1c_money" name="test_c7_no_current_balance_writes_in_customers_collection" time="0.000" /><testcase classname="tests.test_phase1c_money" name="test_c7_orphan_offline_reconcile_decrements_correct_field" time="0.002" /></testsuite></testsuites>