<?xml version="1.0" encoding="utf-8"?><testsuites name="pytest tests"><testsuite name="pytest" errors="0" failures="0" skipped="0" tests="6" time="7.448" timestamp="2026-05-03T08:55:14.920856+00:00" hostname="agent-env-d1071d7b-57c6-42d8-af70-215d110e9801"><testcase classname="tests.test_perunit_discount_and_perm_gates_218" name="test_amount_discount_is_per_unit_not_flat_per_line" time="1.115" /><testcase classname="tests.test_perunit_discount_and_perm_gates_218" name="test_percent_discount_math_unchanged" time="1.000" /><testcase classname="tests.test_perunit_discount_and_perm_gates_218" name="test_admin_adjust_blocks_manager_without_inventory_adjust_perm" time="1.423" /><testcase classname="tests.test_perunit_discount_and_perm_gates_218" name="test_admin_adjust_still_works_for_admin_role" time="0.905" /><testcase classname="tests.test_perunit_discount_and_perm_gates_218" name="test_products_create_blocked_without_create_perm" time="1.461" /><testcase classname="tests.test_perunit_discount_and_perm_gates_218" name="test_products_edit_blocked_without_edit_perm" time="1.418" /></testsuite></testsuites>