<?xml version="1.0" encoding="utf-8"?><testsuites name="pytest tests"><testsuite name="pytest" errors="0" failures="0" skipped="2" tests="105" time="3.434" timestamp="2026-05-09T05:53:58.053493+00:00" hostname="agent-env-92297f45-dd24-4bb4-a14a-40189efc2ce1"><testcase classname="tests.test_phase1a_security" name="test_c1_sync_payload_does_not_leak_pins" time="0.563" /><testcase classname="tests.test_phase1a_security" name="test_c1_sync_payload_unauthenticated_rejected" time="0.124" /><testcase classname="tests.test_phase1a_security" name="test_c2_setup_reset_unauthenticated_rejected" time="0.113" /><testcase classname="tests.test_phase1a_security" name="test_c2_setup_reset_admin_token_blocked_without_env_flag" time="0.108" /><testcase classname="tests.test_phase1a_security" name="test_c3_setup_totp_blocked_when_totp_already_enabled" time="0.387" /><testcase classname="tests.test_phase1a_security" name="test_jwt_org_cross_check_health_still_ok" time="0.119" /><testcase classname="tests.test_phase1b_inventory" name="test_c8_rma_generator_unique_under_concurrency" time="0.020" /><testcase classname="tests.test_phase1b_inventory" name="test_c6_finalize_draft_offline_no_double_deduction" time="0.015" /><testcase classname="tests.test_phase1b_inventory" name="test_c5_same_envelope_id_deducts_once" time="0.014" /><testcase classname="tests.test_phase1b_inventory" name="test_c4_failed_invoice_insert_does_not_deduct_stock" time="0.004" /><testcase classname="tests.test_phase1c_money" name="test_c9_assert_invoice_payable_rejects_non_payable_statuses[cancelled]" time="0.000" /><testcase classname="tests.test_phase1c_money" name="test_c9_assert_invoice_payable_rejects_non_payable_statuses[deleted]" time="0.000" /><testcase classname="tests.test_phase1c_money" name="test_c9_assert_invoice_payable_rejects_non_payable_statuses[error_partial_write]" time="0.000" /><testcase classname="tests.test_phase1c_money" name="test_c9_assert_invoice_payable_rejects_non_payable_statuses[for_preparation]" time="0.000" /><testcase classname="tests.test_phase1c_money" name="test_c9_assert_invoice_payable_rejects_non_payable_statuses[processing]" time="0.000" /><testcase classname="tests.test_phase1c_money" name="test_c9_assert_invoice_payable_rejects_non_payable_statuses[voided]" time="0.000" /><testcase classname="tests.test_phase1c_money" name="test_c9_assert_invoice_payable_allows_finalized_statuses[open]" time="0.000" /><testcase classname="tests.test_phase1c_money" name="test_c9_assert_invoice_payable_allows_finalized_statuses[partial]" time="0.000" /><testcase classname="tests.test_phase1c_money" name="test_c9_assert_invoice_payable_allows_finalized_statuses[paid]" time="0.000" /><testcase classname="tests.test_phase1c_money" name="test_c9_assert_invoice_payable_allows_finalized_statuses[credit]" time="0.000" /><testcase classname="tests.test_phase1c_money" name="test_c9_record_invoice_payment_rejects_voided" time="0.004" /><testcase classname="tests.test_phase1c_money" name="test_c9_record_invoice_payment_allows_open_invoice" time="0.007" /><testcase classname="tests.test_phase1c_money" name="test_c9_pay_receivable_rejects_cancelled" time="0.004" /><testcase classname="tests.test_phase1c_money" name="test_c9_pay_receivable_rejects_for_preparation_draft" time="0.003" /><testcase classname="tests.test_phase1c_money" name="test_c9_receive_customer_payment_skips_voided_in_batch" time="0.029" /><testcase classname="tests.test_phase1c_money" name="test_c7_no_current_balance_writes_in_customers_collection" time="0.000" /><testcase classname="tests.test_phase1c_money" name="test_c7_orphan_offline_reconcile_decrements_correct_field" time="0.002" /><testcase classname="tests.test_phase2a_balance_recon" name="test_p2a_no_transactions_no_drift" time="0.004" /><testcase classname="tests.test_phase2a_balance_recon" name="test_p2a_credit_invoice_matches_stored_balance" time="0.004" /><testcase classname="tests.test_phase2a_balance_recon" name="test_p2a_partial_payment_correct_remaining" time="0.004" /><testcase classname="tests.test_phase2a_balance_recon" name="test_p2a_fully_paid_invoice_zero_balance" time="0.004" /><testcase classname="tests.test_phase2a_balance_recon" name="test_p2a_voided_invoice_excluded_from_ledger" time="0.004" /><testcase classname="tests.test_phase2a_balance_recon" name="test_p2a_all_non_ledger_statuses_excluded[cancelled]" time="0.004" /><testcase classname="tests.test_phase2a_balance_recon" name="test_p2a_all_non_ledger_statuses_excluded[cancelled_draft]" time="0.005" /><testcase classname="tests.test_phase2a_balance_recon" name="test_p2a_all_non_ledger_statuses_excluded[deleted]" time="0.005" /><testcase classname="tests.test_phase2a_balance_recon" name="test_p2a_all_non_ledger_statuses_excluded[error_partial_write]" time="0.005" /><testcase classname="tests.test_phase2a_balance_recon" name="test_p2a_all_non_ledger_statuses_excluded[for_preparation]" time="0.006" /><testcase classname="tests.test_phase2a_balance_recon" name="test_p2a_all_non_ledger_statuses_excluded[voided]" time="0.006" /><testcase classname="tests.test_phase2a_balance_recon" name="test_p2a_returns_already_reflected_in_invoice_balance" time="0.006" /><testcase classname="tests.test_phase2a_balance_recon" name="test_p2a_mismatch_surfaces_with_risk_classification" time="0.007" /><testcase classname="tests.test_phase2a_balance_recon" name="test_p2a_branch_scoping_filters_other_branches" time="0.012" /><testcase classname="tests.test_phase2a_balance_recon" name="test_p2a_cross_tenant_isolation" time="0.005" /><testcase classname="tests.test_phase2a_balance_recon" name="test_p2a_non_admin_denied" time="0.001" /><testcase classname="tests.test_phase2a_balance_recon" name="test_p2a_endpoint_does_not_mutate_anything" time="0.011" /><testcase classname="tests.test_phase2a_balance_recon" name="test_p2a_static_guard_no_write_calls_in_endpoint_module" time="0.000" /><testcase classname="tests.test_phase2c_pos_hardening" name="test_p2c2_void_payment_blocked_when_invoice_voided" time="0.037" /><testcase classname="tests.test_phase2c_pos_hardening" name="test_p2c2_void_payment_blocked_when_invoice_cancelled" time="0.038" /><testcase classname="tests.test_phase2c_pos_hardening" name="test_p2c2_void_payment_allowed_on_open_invoice" time="0.034" /><testcase classname="tests.test_phase2c_pos_hardening" name="test_p2c1_idempotency_table_records_completed_status" time="0.032" /><testcase classname="tests.test_phase2c_pos_hardening" name="test_p2c4_overpayment_helper_thresholds" time="0.000" /><testcase classname="tests.test_phase2d_permissions" name="test_cashier_can_access_assigned_branch" time="0.000" /><testcase classname="tests.test_phase2d_permissions" name="test_cashier_blocked_from_other_branch" time="0.000" /><testcase classname="tests.test_phase2d_permissions" name="test_legacy_cashier_without_branch_ids_is_blocked" time="0.000" /><testcase classname="tests.test_phase2d_permissions" name="test_legacy_manager_without_branch_ids_is_blocked" time="0.000" /><testcase classname="tests.test_phase2d_permissions" name="test_legacy_admin_without_branch_ids_allowed_everywhere" time="0.000" /><testcase classname="tests.test_phase2d_permissions" name="test_owner_has_full_org_access" time="0.000" /><testcase classname="tests.test_phase2d_permissions" name="test_super_admin_is_privileged_everywhere" time="0.000" /><testcase classname="tests.test_phase2d_permissions" name="test_assert_admin_or_owner_blocks_cashier" time="0.000" /><testcase classname="tests.test_phase2d_permissions" name="test_assert_admin_or_owner_allows_admin_owner_super" time="0.000" /><testcase classname="tests.test_phase2d_permissions" name="test_cross_tenant_data_isolation" time="0.006" /><testcase classname="tests.test_phase2d_permissions" name="test_jwt_org_mismatch_rejects_token" time="0.002" /><testcase classname="tests.test_phase2d_permissions" name="test_jwt_aligned_org_passes" time="0.002" /><testcase classname="tests.test_phase2d_permissions" name="test_sync_posdata_scopes_customers_by_user_branches" time="0.010" /><testcase classname="tests.test_phase2d_permissions" name="test_sync_posdata_blocks_unauthorised_branch_id" time="0.003" /><testcase classname="tests.test_phase2d_permissions" name="test_sync_posdata_blocks_legacy_user_with_no_branches" time="0.002" /><testcase classname="tests.test_phase2d_permissions" name="test_inventory_pulse_blocks_unauthorised_branch" time="0.000" /><testcase classname="tests.test_phase2d_permissions" name="test_static_guard_raw_db_callsites_on_tenant_cols" time="0.005" /><testcase classname="tests.phase2b.test_g1_sales" name="test_g1_cash_sale_happy_path" time="0.025" /><testcase classname="tests.phase2b.test_g1_sales" name="test_g1_credit_sale_creates_full_AR" time="0.023" /><testcase classname="tests.phase2b.test_g1_sales" name="test_g1_partial_payment_correct_split" time="0.031" /><testcase classname="tests.phase2b.test_g1_sales" name="test_g1_split_payment_amounts_match_grand_total" time="0.038" /><testcase classname="tests.phase2b.test_g1_sales" name="test_g1_idempotency_blocks_duplicate" time="0.037" /><testcase classname="tests.phase2b.test_g1_sales" name="test_g1_insufficient_stock_rejected_no_side_effects" time="0.014" /><testcase classname="tests.phase2b.test_g1_sales" name="test_g1_cashier_cannot_sell_in_other_branch" time="0.003" /><testcase classname="tests.phase2b.test_g1_sales" name="test_g1_line_discount_applied_correctly" time="0.029" /><testcase classname="tests.phase2b.test_g2_payments" name="test_g2_cash_payment_records_once" time="0.029" /><testcase classname="tests.phase2b.test_g2_payments" name="test_g2_full_payment_marks_paid" time="0.027" /><testcase classname="tests.phase2b.test_g2_payments" name="test_g2_voided_invoice_rejects_payment" time="0.023" /><testcase classname="tests.phase2b.test_g2_payments" name="test_g2_payment_does_not_touch_inventory" time="0.028" /><testcase classname="tests.phase2b.test_g2_payments" name="test_g2_overpayment_rejected_phase2c4" time="0.026" /><testcase classname="tests.phase2b.test_g2_payments" name="test_g2_overpayment_within_tolerance_accepted" time="0.029" /><testcase classname="tests.phase2b.test_g2_payments" name="test_g2_payment_idempotency_blocks_duplicate" time="0.038" /><testcase classname="tests.phase2b.test_g2_payments" name="test_g2_different_idempotency_keys_allow_separate_payments" time="0.041" /><testcase classname="tests.phase2b.test_g2_payments" name="test_g2_no_idempotency_key_still_works_back_compat" time="0.032" /><testcase classname="tests.phase2b.test_g3_inventory" name="test_g3_cash_sale_single_deduction" time="0.024" /><testcase classname="tests.phase2b.test_g3_inventory" name="test_g3_failed_sale_leaves_inventory_intact" time="0.012" /><testcase classname="tests.phase2b.test_g3_inventory" name="test_g3_sale_creates_movement_log" time="0.026" /><testcase classname="tests.phase2b.test_g3_inventory" name="test_g3_branch_isolated_deduction" time="0.028" /><testcase classname="tests.phase2b.test_g3_inventory" name="test_g3_idempotent_sale_no_double_deduction" time="0.035" /><testcase classname="tests.phase2b.test_g3_inventory" name="test_g3_repeat_no_idem_key_drains_stock" time="0.045" /><testcase classname="tests.phase2b.test_g4_purchase" name="test_g4_draft_po_does_not_increase_stock" time="0.006"><skipped type="pytest.skip" message="PO draft create needs more fixture setup: 'vendor'">/app/backend/tests/phase2b/test_g4_purchase.py:63: PO draft create needs more fixture setup: 'vendor'</skipped></testcase><testcase classname="tests.phase2b.test_g4_purchase" name="test_g4_po_idempotency_key_blocks_duplicate" time="0.007"><skipped type="pytest.skip" message="PO create requires more fixture setup: 'vendor'">/app/backend/tests/phase2b/test_g4_purchase.py:89: PO create requires more fixture setup: 'vendor'</skipped></testcase><testcase classname="tests.phase2b.test_g5_returns_voids" name="test_g5_sellable_return_restores_inventory" time="0.018" /><testcase classname="tests.phase2b.test_g5_returns_voids" name="test_g5_pullout_damaged_does_not_restore_inventory" time="0.019" /><testcase classname="tests.phase2b.test_g5_returns_voids" name="test_g5_insufficient_cashier_funds_rejected" time="0.008" /><testcase classname="tests.phase2b.test_g5_returns_voids" name="test_g5_credit_return_reduces_customer_balance_and_invoice" time="0.009" /><testcase classname="tests.phase2b.test_g5_returns_voids" name="test_g5_credit_return_requires_invoice_number_phase2c3" time="0.007" /><testcase classname="tests.phase2b.test_g5_returns_voids" name="test_g5_credit_return_with_invoice_number_applied_correctly" time="0.009" /><testcase classname="tests.phase2b.test_g5_returns_voids" name="test_g5_credit_return_pending_review_when_explicitly_allowed" time="0.009" /><testcase classname="tests.phase2b.test_g6_reports" name="test_g6_sales_aggregate_includes_cash_sale" time="0.029" /><testcase classname="tests.phase2b.test_g6_reports" name="test_g6_customer_ledger_invariant" time="0.035" /><testcase classname="tests.phase2b.test_g6_reports" name="test_g6_balance_reconciliation_clean_cycle_no_drift" time="0.052" /><testcase classname="tests.phase2b.test_g7_pos_comparison" name="test_g7_quick_vs_advanced_same_invoice_shape" time="0.053" /><testcase classname="tests.phase2b.test_g7_pos_comparison" name="test_g7_split_amount_paid_equals_cash_plus_digital" time="0.038" /><testcase classname="tests.phase2b.test_g7_pos_comparison" name="test_g7_offline_sync_envelope_idempotent" time="0.035" /></testsuite></testsuites>