<?xml version="1.0" encoding="utf-8"?><testsuites name="pytest tests"><testsuite name="pytest" errors="0" failures="0" skipped="0" tests="16" time="6.345" timestamp="2026-05-06T09:44:37.416543+00:00" hostname="agent-env-c93a0eaf-4ce1-43dd-9684-57faf395993f"><testcase classname="tests.test_po_wallet_routing_248.TestFundBalances" name="test_admin_sees_all_4_wallets_with_names_and_flags" time="0.914" /><testcase classname="tests.test_po_wallet_routing_248.TestFundBalances" name="test_non_admin_bank_balance_masked" time="0.656" /><testcase classname="tests.test_po_wallet_routing_248.TestPOCashCreation" name="test_cashier_no_pin_succeeds" time="0.113" /><testcase classname="tests.test_po_wallet_routing_248.TestPOCashCreation" name="test_safe_no_pin_succeeds" time="0.121" /><testcase classname="tests.test_po_wallet_routing_248.TestPOCashCreation" name="test_bank_without_pin_returns_400" time="0.111" /><testcase classname="tests.test_po_wallet_routing_248.TestPOCashCreation" name="test_bank_with_invalid_pin_returns_403" time="0.343" /><testcase classname="tests.test_po_wallet_routing_248.TestPOCashCreation" name="test_digital_without_pin_returns_400" time="0.123" /><testcase classname="tests.test_po_wallet_routing_248.TestPOCashCreation" name="test_digital_with_valid_pin_deducts_balance" time="0.335" /><testcase classname="tests.test_po_wallet_routing_248.TestPOCashCreation" name="test_bank_with_valid_pin_deducts_balance_and_creates_je" time="0.341" /><testcase classname="tests.test_po_wallet_routing_248.TestPOCashCreation" name="test_bank_insufficient_funds_returns_structured_error" time="0.333" /><testcase classname="tests.test_po_wallet_routing_248.TestPOCashCreation" name="test_digital_insufficient_funds_returns_structured_error" time="0.338" /><testcase classname="tests.test_po_wallet_routing_248.TestAdjustPayment" name="test_adjust_cashier_no_pin_works" time="0.216" /><testcase classname="tests.test_po_wallet_routing_248.TestAdjustPayment" name="test_adjust_bank_without_pin_rejected" time="0.441" /><testcase classname="tests.test_po_wallet_routing_248.TestAdjustPayment" name="test_adjust_bank_with_pin_works_and_deducts" time="0.681" /><testcase classname="tests.test_po_wallet_routing_248.TestAdjustPayment" name="test_adjust_digital_without_pin_rejected" time="0.447" /><testcase classname="tests.test_po_wallet_routing_248.TestAdjustPayment" name="test_adjust_digital_with_pin_works" time="0.682" /></testsuite></testsuites>