<?xml version="1.0" encoding="utf-8"?><testsuites name="pytest tests"><testsuite name="pytest" errors="0" failures="0" skipped="0" tests="5" time="6.305" timestamp="2026-05-03T08:56:16.748916+00:00" hostname="agent-env-d1071d7b-57c6-42d8-af70-215d110e9801"><testcase classname="tests.test_perunit_discount_edges_218" name="test_amount_discount_qty1_collapses_to_flat" time="1.135" /><testcase classname="tests.test_perunit_discount_edges_218" name="test_amount_discount_decimal_qty" time="1.024" /><testcase classname="tests.test_perunit_discount_edges_218" name="test_amount_discount_zero_value" time="1.016" /><testcase classname="tests.test_perunit_discount_edges_218" name="test_admin_adjust_allowed_for_manager_with_inventory_adjust_perm" time="1.500" /><testcase classname="tests.test_perunit_discount_edges_218" name="test_products_delete_blocked_without_delete_perm" time="1.497" /></testsuite></testsuites>