<?xml version="1.0" encoding="utf-8"?><testsuites name="pytest tests"><testsuite name="pytest" errors="0" failures="0" skipped="0" tests="16" time="4.992" timestamp="2026-05-06T10:35:46.059658+00:00" hostname="agent-env-c93a0eaf-4ce1-43dd-9684-57faf395993f"><testcase classname="tests.test_closed_day_late_encode_249.TestExistingEndpointsStillWork" name="test_check_date_closed" time="1.004" /><testcase classname="tests.test_closed_day_late_encode_249.TestForwardDateCap" name="test_po_forward_date_blocked" time="0.102" /><testcase classname="tests.test_closed_day_late_encode_249.TestForwardDateCap" name="test_expense_forward_date_blocked" time="0.105" /><testcase classname="tests.test_closed_day_late_encode_249.TestForwardDateCap" name="test_receive_payment_forward_date_blocked" time="0.220" /><testcase classname="tests.test_closed_day_late_encode_249.TestPOClosedDayCash" name="test_cash_po_closed_day_hard_block" time="0.105" /><testcase classname="tests.test_closed_day_late_encode_249.TestPOClosedDayTermsLateEncode" name="test_terms_po_closed_no_pin_blocks" time="0.101" /><testcase classname="tests.test_closed_day_late_encode_249.TestPOClosedDayTermsLateEncode" name="test_terms_po_closed_short_reason_400" time="0.111" /><testcase classname="tests.test_closed_day_late_encode_249.TestPOClosedDayTermsLateEncode" name="test_terms_po_closed_more_than_7_days" time="0.109" /><testcase classname="tests.test_closed_day_late_encode_249.TestPOClosedDayTermsLateEncode" name="test_terms_po_closed_with_valid_late_encode" time="0.348" /><testcase classname="tests.test_closed_day_late_encode_249.TestPaySupplierClosedDay" name="test_pay_supplier_closed_no_pin_blocked" time="0.993" /><testcase classname="tests.test_closed_day_late_encode_249.TestExpensesClosedDay" name="test_expense_closed_no_pin_blocked" time="0.099" /><testcase classname="tests.test_closed_day_late_encode_249.TestExpensesClosedDay" name="test_expense_closed_with_late_encode_succeeds" time="0.348" /><testcase classname="tests.test_closed_day_late_encode_249.TestReceivePaymentClosedDay" name="test_receive_payment_closed_no_pin_blocked" time="0.562" /><testcase classname="tests.test_closed_day_late_encode_249.TestBranchTransferReceiveAutoRoll" name="test_receive_silently_rolls_when_destination_closed" time="0.208" /><testcase classname="tests.test_closed_day_late_encode_249.TestPoliciesSeeded" name="test_late_encode_and_forward_override_in_policy_list" time="0.104" /><testcase classname="tests.test_closed_day_late_encode_249.TestAuditLog" name="test_late_encode_audit_entry_present" time="0.336" /></testsuite></testsuites>