<?xml version="1.0" encoding="utf-8"?><testsuites name="pytest tests"><testsuite name="pytest" errors="0" failures="0" skipped="0" tests="5" time="0.651" timestamp="2026-05-09T04:19:09.606241+00:00" hostname="agent-env-ec326928-935e-4b9d-b762-a85eefd80968"><testcase classname="tests.test_phase2c_pos_hardening" name="test_p2c2_void_payment_blocked_when_invoice_voided" time="0.044" /><testcase classname="tests.test_phase2c_pos_hardening" name="test_p2c2_void_payment_blocked_when_invoice_cancelled" time="0.022" /><testcase classname="tests.test_phase2c_pos_hardening" name="test_p2c2_void_payment_allowed_on_open_invoice" time="0.022" /><testcase classname="tests.test_phase2c_pos_hardening" name="test_p2c1_idempotency_table_records_completed_status" time="0.022" /><testcase classname="tests.test_phase2c_pos_hardening" name="test_p2c4_overpayment_helper_thresholds" time="0.001" /></testsuite></testsuites>