<?xml version="1.0" encoding="utf-8"?><testsuites name="pytest tests"><testsuite name="pytest" errors="0" failures="0" skipped="1" tests="8" time="0.798" timestamp="2026-04-25T15:27:40.331652+00:00" hostname="agent-env-7f106a57-2c3b-4725-8ddf-99f8e4dcd51f"><testcase classname="backend.tests.test_balance_badge_164" name="test_summary_returns_list" time="0.680" /><testcase classname="backend.tests.test_balance_badge_164" name="test_existing_fields_unchanged" time="0.000" /><testcase classname="backend.tests.test_balance_badge_164" name="test_new_oldest_overdue_due_date_field_present" time="0.000" /><testcase classname="backend.tests.test_balance_badge_164" name="test_oldest_overdue_due_date_format" time="0.001" /><testcase classname="backend.tests.test_balance_badge_164" name="test_null_when_no_overdue" time="0.001"><skipped type="pytest.skip" message="No customers without overdue in dataset; skipping null check">/app/backend/tests/test_balance_badge_164.py:73: No customers without overdue in dataset; skipping null check</skipped></testcase><testcase classname="backend.tests.test_balance_badge_164" name="test_present_when_overdue" time="0.001" /><testcase classname="backend.tests.test_balance_badge_164" name="test_oldest_due_date_in_past" time="0.000" /><testcase classname="backend.tests.test_balance_badge_164" name="test_data_types" time="0.001" /></testsuite></testsuites>