<?xml version="1.0" encoding="utf-8"?><testsuites name="pytest tests"><testsuite name="pytest" errors="0" failures="0" skipped="0" tests="11" time="4.729" timestamp="2026-05-04T01:36:25.521016+00:00" hostname="agent-env-5eacb817-decd-4a07-b469-7900e6fdfa01"><testcase classname="backend.tests.test_iter191_fund_offline_paydate.TestFundTransferDate" name="test_capital_add_with_date_field" time="1.356" /><testcase classname="backend.tests.test_iter191_fund_offline_paydate.TestFundTransferDate" name="test_capital_add_on_closed_day_rejected" time="0.120" /><testcase classname="backend.tests.test_iter191_fund_offline_paydate.TestDailyClosePreviewFundTransfers" name="test_preview_includes_fund_transfer_with_date" time="0.465" /><testcase classname="backend.tests.test_iter191_fund_offline_paydate.TestDailyClosePreviewFundTransfers" name="test_batch_preview_includes_fund_transfers_today" time="0.513" /><testcase classname="backend.tests.test_iter191_fund_offline_paydate.TestOfflineSalesSyncPreservesInvoiceNumber" name="test_offline_invoice_number_preserved" time="0.114" /><testcase classname="backend.tests.test_iter191_fund_offline_paydate.TestEditPaymentDate" name="test_happy_path" time="0.336" /><testcase classname="backend.tests.test_iter191_fund_offline_paydate.TestEditPaymentDate" name="test_missing_fields" time="0.243" /><testcase classname="backend.tests.test_iter191_fund_offline_paydate.TestEditPaymentDate" name="test_invalid_pin" time="0.368" /><testcase classname="backend.tests.test_iter191_fund_offline_paydate.TestEditPaymentDate" name="test_reject_voided_payment" time="0.349" /><testcase classname="backend.tests.test_iter191_fund_offline_paydate.TestEditPaymentDate" name="test_reject_when_original_date_closed" time="0.363" /><testcase classname="backend.tests.test_iter191_fund_offline_paydate.TestEditPaymentDate" name="test_reject_when_new_date_closed" time="0.350" /></testsuite></testsuites>