<?xml version="1.0" encoding="utf-8"?><testsuites name="pytest tests"><testsuite name="pytest" errors="0" failures="0" skipped="0" tests="8" time="5.512" timestamp="2026-04-25T15:59:10.450929+00:00" hostname="agent-env-7f106a57-2c3b-4725-8ddf-99f8e4dcd51f"><testcase classname="backend.tests.test_signatures_165" name="test_create_session_persists_items_and_totals" time="0.524" /><testcase classname="backend.tests.test_signatures_165" name="test_status_includes_signature_url_field" time="0.284" /><testcase classname="backend.tests.test_signatures_165" name="test_submit_then_status_returns_signature_url" time="3.000" /><testcase classname="backend.tests.test_signatures_165" name="test_submit_empty_signature_rejected" time="0.222" /><testcase classname="backend.tests.test_signatures_165" name="test_bypass_with_manager_pin" time="0.558" /><testcase classname="backend.tests.test_signatures_165" name="test_bypass_wrong_pin" time="0.468" /><testcase classname="backend.tests.test_signatures_165" name="test_receivables_summary_regression" time="0.126" /><testcase classname="backend.tests.test_signatures_165" name="test_public_view_endpoint" time="0.264" /></testsuite></testsuites>