<?xml version="1.0" encoding="utf-8"?><testsuites name="pytest tests"><testsuite name="pytest" errors="0" failures="0" skipped="0" tests="7" time="3.150" timestamp="2026-05-05T04:39:47.126987+00:00" hostname="agent-env-fc49d6ba-f043-47cc-a5b8-ead23a1ff225"><testcase classname="backend.tests.test_parked_purchase_orders.TestParkedPOCreate" name="test_create_park_success" time="0.700" /><testcase classname="backend.tests.test_parked_purchase_orders.TestParkedPOCreate" name="test_create_without_branch_id_returns_400" time="0.118" /><testcase classname="backend.tests.test_parked_purchase_orders.TestParkedPOList" name="test_list_returns_park_just_created" time="0.332" /><testcase classname="backend.tests.test_parked_purchase_orders.TestParkedPOList" name="test_list_without_branch_id_returns_400" time="0.101" /><testcase classname="backend.tests.test_parked_purchase_orders.TestParkedPOConsume" name="test_consume_returns_snapshot_and_deletes" time="0.425" /><testcase classname="backend.tests.test_parked_purchase_orders.TestParkedPODiscard" name="test_discard_own_no_pin" time="0.350" /><testcase classname="backend.tests.test_parked_purchase_orders.TestParkedPODiscard" name="test_discard_other_user_without_pin_403" time="1.058" /></testsuite></testsuites>