<?xml version="1.0" encoding="utf-8"?><testsuites name="pytest tests"><testsuite name="pytest" errors="0" failures="0" skipped="2" tests="17" time="1.697" timestamp="2026-05-02T06:39:57.661242+00:00" hostname="agent-env-3293fa5c-b6a8-4332-a5c8-9057111ae157"><testcase classname="backend.tests.test_payment_history_181.TestGlobalPaymentHistory" name="test_endpoint_returns_200" time="0.576" /><testcase classname="backend.tests.test_payment_history_181.TestGlobalPaymentHistory" name="test_response_structure" time="0.049" /><testcase classname="backend.tests.test_payment_history_181.TestGlobalPaymentHistory" name="test_date_range_filter" time="0.048" /><testcase classname="backend.tests.test_payment_history_181.TestGlobalPaymentHistory" name="test_method_filter_cash" time="0.046" /><testcase classname="backend.tests.test_payment_history_181.TestGlobalPaymentHistory" name="test_method_breakdown_structure" time="0.046" /><testcase classname="backend.tests.test_payment_history_181.TestGlobalPaymentHistory" name="test_payment_row_has_required_fields" time="0.047" /><testcase classname="backend.tests.test_payment_history_181.TestGlobalPaymentHistory" name="test_customer_search_filter" time="0.093" /><testcase classname="backend.tests.test_payment_history_181.TestGlobalPaymentHistory" name="test_unauthenticated_returns_401" time="0.115" /><testcase classname="backend.tests.test_payment_history_181.TestCustomerPaymentHistory" name="test_returns_list" time="0.054" /><testcase classname="backend.tests.test_payment_history_181.TestCustomerPaymentHistory" name="test_payment_record_fields" time="0.045"><skipped type="pytest.skip" message="No payment history for customer Juan Dela Cruz 633c26">/app/backend/tests/test_payment_history_181.py:196: No payment history for customer Juan Dela Cruz 633c26</skipped></testcase><testcase classname="backend.tests.test_payment_history_181.TestCustomerPaymentHistory" name="test_invalid_customer_returns_empty_not_error" time="0.044" /><testcase classname="backend.tests.test_payment_history_181.TestCloseWizardPreviewFields" name="test_preview_returns_200" time="0.142" /><testcase classname="backend.tests.test_payment_history_181.TestCloseWizardPreviewFields" name="test_interest_invoices_today_field_present" time="0.053" /><testcase classname="backend.tests.test_payment_history_181.TestCloseWizardPreviewFields" name="test_ar_payment_by_method_field_present" time="0.056" /><testcase classname="backend.tests.test_payment_history_181.TestCloseWizardPreviewFields" name="test_ar_interest_collected_field_present" time="0.054" /><testcase classname="backend.tests.test_payment_history_181.TestCloseWizardPreviewFields" name="test_ar_discount_today_field_present" time="0.055" /><testcase classname="backend.tests.test_payment_history_181.TestCloseWizardPreviewFields" name="test_interest_invoice_record_fields" time="0.054"><skipped type="pytest.skip" message="No interest invoices today — can't validate field structure">/app/backend/tests/test_payment_history_181.py:300: No interest invoices today — can't validate field structure</skipped></testcase></testsuite></testsuites>