<?xml version="1.0" encoding="utf-8"?><testsuites name="pytest tests"><testsuite name="pytest" errors="0" failures="0" skipped="0" tests="3" time="0.150" timestamp="2026-05-07T08:19:45.584236+00:00" hostname="agent-env-d34aa4af-bf4c-41db-8d52-1862bd445fdd"><testcase classname="backend.tests.test_close_wizard_credit_refactor_feb2026" name="test_ar_pipeline_includes_same_day_partials" time="0.009" /><testcase classname="backend.tests.test_close_wizard_credit_refactor_feb2026" name="test_credit_sales_today_enrichment" time="0.006" /><testcase classname="backend.tests.test_close_wizard_credit_refactor_feb2026" name="test_math_invariant_no_double_count" time="0.005" /></testsuite></testsuites>