<?xml version="1.0" encoding="utf-8"?><testsuites name="pytest tests"><testsuite name="pytest" errors="0" failures="0" skipped="0" tests="10" time="2.454" timestamp="2026-04-27T17:52:24.834754+00:00" hostname="agent-env-656f829e-8ca5-4813-9b21-1368a10d5dc2"><testcase classname="backend.tests.test_reset_company_166.TestResetEndpointAuth" name="test_reset_without_token_returns_403" time="0.183" /><testcase classname="backend.tests.test_reset_company_166.TestResetEndpointAuth" name="test_reset_with_invalid_token_returns_403" time="0.111" /><testcase classname="backend.tests.test_reset_company_166.TestResetEndpointValidation" name="test_wrong_confirmation_text_returns_400" time="0.547" /><testcase classname="backend.tests.test_reset_company_166.TestResetEndpointValidation" name="test_partial_confirmation_text_returns_400" time="0.115" /><testcase classname="backend.tests.test_reset_company_166.TestResetEndpointValidation" name="test_empty_confirmation_returns_400" time="0.116" /><testcase classname="backend.tests.test_reset_company_166.TestResetEndpointValidation" name="test_wrong_password_returns_403" time="0.337" /><testcase classname="backend.tests.test_reset_company_166.TestResetEndpointValidation" name="test_missing_totp_returns_400" time="0.123" /><testcase classname="backend.tests.test_reset_company_166.TestResetEndpointValidation" name="test_nonexistent_org_returns_404" time="0.127" /><testcase classname="backend.tests.test_reset_company_166.TestDownloadEndpoint" name="test_download_without_auth_returns_403" time="0.133" /><testcase classname="backend.tests.test_reset_company_166.TestDownloadEndpoint" name="test_download_with_auth_requires_r2_config" time="0.567" /></testsuite></testsuites>