<?xml version="1.0" encoding="utf-8"?><testsuites name="pytest tests"><testsuite name="pytest" errors="0" failures="0" skipped="0" tests="11" time="3.108" timestamp="2026-04-25T04:10:29.460654+00:00" hostname="agent-env-7f106a57-2c3b-4725-8ddf-99f8e4dcd51f"><testcase classname="backend.tests.test_payments_redesign_162.TestCustomerInvoicesEndpoint" name="test_returns_list" time="0.680" /><testcase classname="backend.tests.test_payments_redesign_162.TestCustomerInvoicesEndpoint" name="test_no_underscore_id_leakage" time="0.122" /><testcase classname="backend.tests.test_payments_redesign_162.TestCustomerInvoicesEndpoint" name="test_invoice_fields_present" time="0.154" /><testcase classname="backend.tests.test_payments_redesign_162.TestChargesPreviewEndpoint" name="test_returns_required_fields" time="0.127" /><testcase classname="backend.tests.test_payments_redesign_162.TestChargesPreviewEndpoint" name="test_interest_preview_row_shape" time="0.109" /><testcase classname="backend.tests.test_payments_redesign_162.TestChargesPreviewEndpoint" name="test_total_interest_equals_sum_of_rows" time="0.107" /><testcase classname="backend.tests.test_payments_redesign_162.TestChargesPreviewEndpoint" name="test_no_interest_rate_customer_returns_empty" time="0.113" /><testcase classname="backend.tests.test_payments_redesign_162.TestNoAutoIntCreationOnSelect" name="test_charges_preview_does_not_create_int_invoice" time="0.910" /><testcase classname="backend.tests.test_payments_redesign_162.TestNoAutoIntCreationOnSelect" name="test_charges_preview_with_rate_override_no_creation" time="0.331" /><testcase classname="backend.tests.test_payments_redesign_162.TestGenerateInterestForceFlag" name="test_generate_without_force_respects_30day_guard" time="0.282" /><testcase classname="backend.tests.test_payments_redesign_162.TestGenerateInterestForceFlag" name="test_generate_with_force_returns_total_interest_field" time="0.106" /></testsuite></testsuites>