<?xml version="1.0" encoding="utf-8"?><testsuites name="pytest tests"><testsuite name="pytest" errors="0" failures="0" skipped="0" tests="39" time="7.464" timestamp="2026-05-06T02:36:43.476455+00:00" hostname="agent-env-9cf53d14-9c69-47f5-8612-81715fd700cb"><testcase classname="backend.tests.test_print_jobs_244.TestListTerminals" name="test_list_terminals_returns_200" time="0.774" /><testcase classname="backend.tests.test_print_jobs_244.TestListTerminals" name="test_list_terminals_returns_list" time="0.189" /><testcase classname="backend.tests.test_print_jobs_244.TestListTerminals" name="test_terminals_have_is_online_field" time="0.157" /><testcase classname="backend.tests.test_print_jobs_244.TestListTerminals" name="test_terminals_have_pending_jobs_field" time="0.272" /><testcase classname="backend.tests.test_print_jobs_244.TestListTerminals" name="test_terminals_no_token_field_exposed" time="0.203" /><testcase classname="backend.tests.test_print_jobs_244.TestListTerminals" name="test_list_terminals_unauthenticated_returns_401" time="0.131" /><testcase classname="backend.tests.test_print_jobs_244.TestListJobs" name="test_list_jobs_returns_200" time="0.114" /><testcase classname="backend.tests.test_print_jobs_244.TestListJobs" name="test_list_jobs_returns_list" time="0.193" /><testcase classname="backend.tests.test_print_jobs_244.TestListJobs" name="test_list_jobs_no_html_content" time="0.141" /><testcase classname="backend.tests.test_print_jobs_244.TestListJobs" name="test_list_jobs_unauthenticated_returns_401" time="0.188" /><testcase classname="backend.tests.test_print_jobs_244.TestListJobs" name="test_list_jobs_filter_by_status" time="0.121" /><testcase classname="backend.tests.test_print_jobs_244.TestTerminalsForBranch" name="test_for_branch_returns_200" time="0.143" /><testcase classname="backend.tests.test_print_jobs_244.TestTerminalsForBranch" name="test_for_branch_returns_list" time="0.111" /><testcase classname="backend.tests.test_print_jobs_244.TestTerminalsForBranch" name="test_for_branch_terminals_have_is_online" time="0.123" /><testcase classname="backend.tests.test_print_jobs_244.TestTerminalsForBranch" name="test_for_branch_online_first_ordering" time="0.104" /><testcase classname="backend.tests.test_print_jobs_244.TestTerminalsForBranch" name="test_for_branch_invalid_branch_returns_empty" time="0.135" /><testcase classname="backend.tests.test_print_jobs_244.TestCreatePrintJob" name="test_create_job_missing_terminal_id" time="0.127" /><testcase classname="backend.tests.test_print_jobs_244.TestCreatePrintJob" name="test_create_job_missing_html_content" time="0.256" /><testcase classname="backend.tests.test_print_jobs_244.TestCreatePrintJob" name="test_create_job_invalid_terminal_returns_404" time="0.134" /><testcase classname="backend.tests.test_print_jobs_244.TestCreatePrintJob" name="test_create_job_returns_job_id_and_status" time="0.153" /><testcase classname="backend.tests.test_print_jobs_244.TestCreatePrintJob" name="test_create_job_offline_terminal_returns_pending" time="0.117" /><testcase classname="backend.tests.test_print_jobs_244.TestGetSingleJob" name="test_get_job_returns_200" time="0.255" /><testcase classname="backend.tests.test_print_jobs_244.TestGetSingleJob" name="test_get_job_includes_html_content" time="0.105" /><testcase classname="backend.tests.test_print_jobs_244.TestGetSingleJob" name="test_get_nonexistent_job_returns_404" time="0.116" /><testcase classname="backend.tests.test_print_jobs_244.TestUpdateJobStatus" name="test_mark_job_printed" time="0.231" /><testcase classname="backend.tests.test_print_jobs_244.TestUpdateJobStatus" name="test_mark_job_printed_persisted" time="0.109" /><testcase classname="backend.tests.test_print_jobs_244.TestUpdateJobStatus" name="test_mark_job_invalid_status_returns_400" time="0.137" /><testcase classname="backend.tests.test_print_jobs_244.TestUpdateJobStatus" name="test_mark_job_failed_with_error_message" time="0.394" /><testcase classname="backend.tests.test_print_jobs_244.TestSetTerminalMode" name="test_set_mode_to_auto" time="0.107" /><testcase classname="backend.tests.test_print_jobs_244.TestSetTerminalMode" name="test_set_mode_to_manual" time="0.139" /><testcase classname="backend.tests.test_print_jobs_244.TestSetTerminalMode" name="test_set_mode_invalid_mode_returns_400" time="0.129" /><testcase classname="backend.tests.test_print_jobs_244.TestSetTerminalMode" name="test_set_mode_missing_terminal_id_returns_400" time="0.116" /><testcase classname="backend.tests.test_print_jobs_244.TestSetTerminalMode" name="test_set_mode_invalid_terminal_returns_404" time="0.111" /><testcase classname="backend.tests.test_print_jobs_244.TestResendJob" name="test_resend_failed_job_returns_200" time="0.363" /><testcase classname="backend.tests.test_print_jobs_244.TestResendJob" name="test_resend_job_clears_error_message" time="0.288" /><testcase classname="backend.tests.test_print_jobs_244.TestResendJob" name="test_resend_printed_job_returns_400" time="0.344" /><testcase classname="backend.tests.test_print_jobs_244.TestResendJob" name="test_resend_nonexistent_job_returns_404" time="0.131" /><testcase classname="backend.tests.test_print_jobs_244.TestJobsListAfterCreate" name="test_created_job_appears_in_list" time="0.257" /><testcase classname="backend.tests.test_print_jobs_244.TestJobsListAfterCreate" name="test_list_jobs_filter_by_terminal" time="0.106" /></testsuite></testsuites>