<?xml version="1.0" encoding="utf-8"?><testsuites name="pytest tests"><testsuite name="pytest" errors="0" failures="0" skipped="0" tests="7" time="3.165" timestamp="2026-05-06T08:32:44.219291+00:00" hostname="agent-env-9a6af93a-8956-4da5-b999-687edd426715"><testcase classname="tests.test_branch_stock_request_sms_245" name="test_get_recipient_config_returns_defaults" time="0.985" /><testcase classname="tests.test_branch_stock_request_sms_245" name="test_put_recipient_config_updates_and_persists" time="0.141" /><testcase classname="tests.test_branch_stock_request_sms_245" name="test_put_invalid_trigger_key_returns_400" time="0.050" /><testcase classname="tests.test_branch_stock_request_sms_245" name="test_put_requires_settings_edit_permission" time="0.659" /><testcase classname="tests.test_branch_stock_request_sms_245" name="test_branch_request_po_creates_sms_queue_entries" time="1.110" /><testcase classname="tests.test_branch_stock_request_sms_245" name="test_sms_queue_message_contains_public_view_link" time="0.001" /><testcase classname="tests.test_branch_stock_request_sms_245" name="test_public_doc_view_returns_branch_request_metadata" time="0.101" /></testsuite></testsuites>