<?xml version="1.0" encoding="utf-8"?><testsuites name="pytest tests"><testsuite name="pytest" errors="0" failures="0" skipped="0" tests="14" time="2.914" timestamp="2026-05-07T05:05:46.706649+00:00" hostname="agent-env-a044a137-8a21-40b0-a78e-2d07c7308b3c"><testcase classname="backend.tests.test_draft_orders_250.TestListDrafts" name="test_list_requires_branch_id" time="0.611" /><testcase classname="backend.tests.test_draft_orders_250.TestListDrafts" name="test_list_returns_drafts_key" time="0.116" /><testcase classname="backend.tests.test_draft_orders_250.TestCreateDraft" name="test_create_requires_branch_id" time="0.131" /><testcase classname="backend.tests.test_draft_orders_250.TestCreateDraft" name="test_create_requires_items" time="0.151" /><testcase classname="backend.tests.test_draft_orders_250.TestCreateDraft" name="test_create_draft_success" time="0.195" /><testcase classname="backend.tests.test_draft_orders_250.TestGetDraft" name="test_get_draft_by_id" time="0.248" /><testcase classname="backend.tests.test_draft_orders_250.TestGetDraft" name="test_get_nonexistent_draft_returns_404" time="0.130" /><testcase classname="backend.tests.test_draft_orders_250.TestUpdateDraft" name="test_update_items_preserves_invoice_number" time="0.105" /><testcase classname="backend.tests.test_draft_orders_250.TestUpdateDraft" name="test_update_nonexistent_returns_404" time="0.117" /><testcase classname="backend.tests.test_draft_orders_250.TestCancelDraft" name="test_cancel_draft_returns_ok" time="0.258" /><testcase classname="backend.tests.test_draft_orders_250.TestCancelDraft" name="test_cancelled_draft_not_in_list" time="0.105" /><testcase classname="backend.tests.test_draft_orders_250.TestCancelDraft" name="test_get_cancelled_draft_returns_404" time="0.112" /><testcase classname="backend.tests.test_draft_orders_250.TestCancelDraft" name="test_cancel_nonexistent_returns_404" time="0.129" /><testcase classname="backend.tests.test_draft_orders_250.TestSearchVisibility" name="test_draft_visible_in_search" time="0.367" /></testsuite></testsuites>