<?xml version="1.0" encoding="utf-8"?><testsuites name="pytest tests"><testsuite name="pytest" errors="0" failures="0" skipped="0" tests="26" time="2.806" timestamp="2026-04-28T01:33:56.348756+00:00" hostname="agent-env-656f829e-8ca5-4813-9b21-1368a10d5dc2"><testcase classname="backend.tests.test_price_manager_167.TestPriceAuditSummary" name="test_audit_summary_returns_200" time="0.572" /><testcase classname="backend.tests.test_price_manager_167.TestPriceAuditSummary" name="test_audit_summary_has_missing_capital" time="0.057" /><testcase classname="backend.tests.test_price_manager_167.TestPriceAuditSummary" name="test_audit_summary_has_low_margin" time="0.050" /><testcase classname="backend.tests.test_price_manager_167.TestPriceAuditSummary" name="test_audit_summary_count_matches_list" time="0.054" /><testcase classname="backend.tests.test_price_manager_167.TestPriceAuditSummary" name="test_audit_summary_requires_auth" time="0.133" /><testcase classname="backend.tests.test_price_manager_167.TestBulkPriceUpdate" name="test_bulk_price_update_empty_returns_400" time="0.063" /><testcase classname="backend.tests.test_price_manager_167.TestBulkPriceUpdate" name="test_bulk_price_update_missing_items_returns_400" time="0.049" /><testcase classname="backend.tests.test_price_manager_167.TestBulkPriceUpdate" name="test_bulk_price_update_valid_item" time="0.157" /><testcase classname="backend.tests.test_price_manager_167.TestBulkPriceUpdate" name="test_bulk_price_update_requires_auth" time="0.182" /><testcase classname="backend.tests.test_price_manager_167.TestBranchPricesBulkUpdate" name="test_bulk_update_empty_returns_400" time="0.053" /><testcase classname="backend.tests.test_price_manager_167.TestBranchPricesBulkUpdate" name="test_bulk_update_missing_items_returns_400" time="0.055" /><testcase classname="backend.tests.test_price_manager_167.TestBranchPricesBulkUpdate" name="test_bulk_update_valid_item_upserts" time="0.230" /><testcase classname="backend.tests.test_price_manager_167.TestBranchPricesBulkUpdate" name="test_bulk_update_requires_auth" time="0.145" /><testcase classname="backend.tests.test_price_manager_167.TestPermissionsModules" name="test_modules_returns_200" time="0.048" /><testcase classname="backend.tests.test_price_manager_167.TestPermissionsModules" name="test_modules_includes_branch_transfers" time="0.047" /><testcase classname="backend.tests.test_price_manager_167.TestPermissionsModules" name="test_branch_transfers_module_has_view_action" time="0.049" /><testcase classname="backend.tests.test_price_manager_167.TestPermissionsModules" name="test_branch_transfers_module_has_create_action" time="0.046" /><testcase classname="backend.tests.test_price_manager_167.TestPermissionsModules" name="test_branch_transfers_module_has_receive_action" time="0.062" /><testcase classname="backend.tests.test_price_manager_167.TestPermissionsModules" name="test_modules_requires_auth" time="0.158" /><testcase classname="backend.tests.test_price_manager_167.TestPermissionsPresets" name="test_manager_preset_returns_200" time="0.055" /><testcase classname="backend.tests.test_price_manager_167.TestPermissionsPresets" name="test_manager_preset_branch_transfers_all_true" time="0.050" /><testcase classname="backend.tests.test_price_manager_167.TestPermissionsPresets" name="test_manager_preset_customers_manage_credit_true" time="0.050" /><testcase classname="backend.tests.test_price_manager_167.TestPermissionsPresets" name="test_cashier_preset_returns_200" time="0.048" /><testcase classname="backend.tests.test_price_manager_167.TestPermissionsPresets" name="test_cashier_preset_branch_transfers_all_false" time="0.049" /><testcase classname="backend.tests.test_price_manager_167.TestPermissionsPresets" name="test_invalid_preset_returns_404" time="0.051" /><testcase classname="backend.tests.test_price_manager_167.TestPermissionsPresets" name="test_presets_requires_auth" time="0.134" /></testsuite></testsuites>