<?xml version="1.0" encoding="utf-8"?><testsuites name="pytest tests"><testsuite name="pytest" errors="0" failures="0" skipped="0" tests="16" time="3.686" timestamp="2026-04-30T12:39:23.232015+00:00" hostname="agent-env-a59be653-09d0-4967-b9ed-08920ef0b950"><testcase classname="tests.test_late_encode_close_reminder_177.TestClosedDayGuard" name="test_closed_day_without_late_encode_returns_403" time="1.198" /><testcase classname="tests.test_late_encode_close_reminder_177.TestClosedDayGuard" name="test_late_encode_cash_rejected" time="0.166" /><testcase classname="tests.test_late_encode_close_reminder_177.TestClosedDayGuard" name="test_late_encode_digital_rejected" time="0.124" /><testcase classname="tests.test_late_encode_close_reminder_177.TestClosedDayGuard" name="test_late_encode_days_back_over_7" time="0.124" /><testcase classname="tests.test_late_encode_close_reminder_177.TestClosedDayGuard" name="test_late_encode_short_reason" time="0.141" /><testcase classname="tests.test_late_encode_close_reminder_177.TestClosedDayGuard" name="test_late_encode_missing_pin" time="0.109" /><testcase classname="tests.test_late_encode_close_reminder_177.TestClosedDayGuard" name="test_late_encode_invalid_pin" time="0.341" /><testcase classname="tests.test_late_encode_close_reminder_177.TestClosedDayGuard" name="test_late_encode_success_creates_invoice_and_log" time="0.374" /><testcase classname="tests.test_late_encode_close_reminder_177.TestClosedDayGuard" name="test_late_encode_daily_cap" time="0.335" /><testcase classname="tests.test_late_encode_close_reminder_177.TestLateEncodedSinceCloseEndpoint" name="test_returns_correct_shape" time="0.113" /><testcase classname="tests.test_late_encode_close_reminder_177.TestLateEncodedSinceCloseEndpoint" name="test_missing_branch_id_400" time="0.121" /><testcase classname="tests.test_late_encode_close_reminder_177.TestCloseReminderModule" name="test_imports" time="0.368" /><testcase classname="tests.test_late_encode_close_reminder_177.TestCloseReminderModule" name="test_stages_contents" time="0.000" /><testcase classname="tests.test_late_encode_close_reminder_177.TestCloseReminderModule" name="test_in_quiet_hours" time="0.000" /><testcase classname="tests.test_late_encode_close_reminder_177.TestCloseReminderModule" name="test_build_branch_snapshot_shape" time="0.006" /><testcase classname="tests.test_late_encode_close_reminder_177.TestSmsTemplates" name="test_default_templates_contains_new_keys" time="0.009" /></testsuite></testsuites>