<?xml version="1.0" encoding="utf-8"?><testsuites name="pytest tests"><testsuite name="pytest" errors="0" failures="0" skipped="0" tests="25" time="10.417" timestamp="2026-04-30T06:28:53.875865+00:00" hostname="agent-env-61af48f4-6770-438c-a109-0c7a21a09e67"><testcase classname="tests.test_price_match_194" name="test_price_match_without_pin_returns_422" time="0.910" /><testcase classname="tests.test_price_match_194" name="test_price_match_invalid_pin_rejected" time="0.337" /><testcase classname="tests.test_price_match_194" name="test_price_match_admin_pin_persists_and_logs" time="0.354" /><testcase classname="tests.test_price_match_194" name="test_price_match_manager_pin_works" time="0.340" /><testcase classname="tests.test_price_match_194" name="test_price_match_capital_floor_logic_unchanged" time="0.334" /><testcase classname="tests.test_price_match_194" name="test_price_changes_list_endpoint" time="0.444" /><testcase classname="tests.test_price_match_194" name="test_price_changes_product_history" time="0.470" /><testcase classname="tests.test_price_match_194" name="test_daily_close_preview_includes_breakdown" time="0.114" /><testcase classname="tests.test_price_match_194" name="test_server_trusted_old_price_ignores_client_hint" time="0.343" /><testcase classname="tests.test_price_match_194" name="test_price_match_clears_global_price_badge" time="0.343" /><testcase classname="tests.test_price_match_194" name="test_discount_plus_price_match_clean_audit_classification" time="0.338" /><testcase classname="tests.test_price_match_194" name="test_voided_invoice_flags_price_change_log" time="0.686" /><testcase classname="tests.test_price_match_194" name="test_audit_center_surfaces_price_match_activity" time="0.484" /><testcase classname="tests.test_branch_disable_193" name="test_disable_product_with_zero_stock" time="0.925" /><testcase classname="tests.test_branch_disable_193" name="test_disable_product_with_stock_is_skipped" time="0.105" /><testcase classname="tests.test_branch_disable_193" name="test_enable_clears_flag" time="0.207" /><testcase classname="tests.test_branch_disable_193" name="test_lazy_reactivation_on_stock_arrival" time="0.205" /><testcase classname="tests.test_branch_disable_193" name="test_sync_pos_data_includes_disabled_flag" time="0.266" /><testcase classname="tests.test_branch_disable_193" name="test_disabled_list_endpoint" time="0.212" /><testcase classname="tests.test_branch_disable_193" name="test_delete_product_blocked_for_manager" time="0.767" /><testcase classname="tests.test_branch_disable_193" name="test_manager_cannot_disable_other_branch" time="0.638" /><testcase classname="tests.test_offline_mode_192" name="test_sync_posdata_enrichment" time="0.920" /><testcase classname="tests.test_offline_mode_192" name="test_sales_sync_offline_bypass_creates_signature_session" time="0.108" /><testcase classname="tests.test_offline_mode_192" name="test_envelope_id_duplicate_returns_duplicate_status" time="0.211" /><testcase classname="tests.test_offline_mode_192" name="test_offline_sync_summary_endpoint" time="0.208" /></testsuite></testsuites>