<?xml version="1.0" encoding="utf-8"?><testsuites name="pytest tests"><testsuite name="pytest" errors="0" failures="2" skipped="0" tests="27" time="5.028" timestamp="2026-04-24T05:23:49.603859+00:00" hostname="agent-env-0f7f8bf8-c5c1-4e6f-9569-82af5b4e39de"><testcase classname="backend.tests.test_crop_credits_160.TestCropCreditsListAndCreate" name="test_list_crop_credits_returns_empty_or_list" time="0.605" /><testcase classname="backend.tests.test_crop_credits_160.TestCropCreditsListAndCreate" name="test_list_crop_credits_requires_auth" time="0.111"><failure message="assert 403 == 401&#10; +  where 403 = &lt;Response [403]&gt;.status_code">backend/tests/test_crop_credits_160.py:76: in test_list_crop_credits_requires_auth
    assert res.status_code == 401
E   assert 403 == 401
E    +  where 403 = &lt;Response [403]&gt;.status_code</failure></testcase><testcase classname="backend.tests.test_crop_credits_160.TestCropCreditsListAndCreate" name="test_create_crop_credit_success" time="0.285" /><testcase classname="backend.tests.test_crop_credits_160.TestCropCreditsListAndCreate" name="test_create_crop_credit_requires_planting_date" time="0.110" /><testcase classname="backend.tests.test_crop_credits_160.TestCropCreditsListAndCreate" name="test_create_crop_credit_blocks_duplicate_season" time="0.143" /><testcase classname="backend.tests.test_crop_credits_160.TestCropCreditsCheckBlock" name="test_check_block_no_active_credit" time="0.248" /><testcase classname="backend.tests.test_crop_credits_160.TestCropCreditsCheckBlock" name="test_check_block_with_active_credit" time="0.136" /><testcase classname="backend.tests.test_crop_credits_160.TestCropCreditsCustomerEndpoint" name="test_get_customer_active_credit" time="0.101" /><testcase classname="backend.tests.test_crop_credits_160.TestCropCreditsAddCredit" name="test_add_credit_to_season" time="0.238" /><testcase classname="backend.tests.test_crop_credits_160.TestCropCreditsAddCredit" name="test_add_credit_invalid_amount" time="0.233" /><testcase classname="backend.tests.test_crop_credits_160.TestCropCreditsPayment" name="test_record_payment_interest_first" time="0.278" /><testcase classname="backend.tests.test_crop_credits_160.TestCropCreditsPayment" name="test_record_payment_zero_amount_returns_400" time="0.212" /><testcase classname="backend.tests.test_crop_credits_160.TestCropCreditsExtend" name="test_extend_requires_pin" time="0.207" /><testcase classname="backend.tests.test_crop_credits_160.TestCropCreditsExtend" name="test_extend_requires_reason" time="0.214" /><testcase classname="backend.tests.test_crop_credits_160.TestCropCreditsExtend" name="test_extend_with_valid_manager_pin" time="0.463" /><testcase classname="backend.tests.test_crop_credits_160.TestSignatures" name="test_create_signing_session" time="0.114" /><testcase classname="backend.tests.test_crop_credits_160.TestSignatures" name="test_create_signing_session_requires_credit_context" time="0.103" /><testcase classname="backend.tests.test_crop_credits_160.TestSignatures" name="test_public_view_session_by_token" time="0.107" /><testcase classname="backend.tests.test_crop_credits_160.TestSignatures" name="test_public_view_invalid_token_returns_404" time="0.109" /><testcase classname="backend.tests.test_crop_credits_160.TestSignatures" name="test_get_session_status_authenticated" time="0.116" /><testcase classname="backend.tests.test_crop_credits_160.TestCollectionRecipients" name="test_get_collection_recipients_returns_structure" time="0.104" /><testcase classname="backend.tests.test_crop_credits_160.TestCollectionRecipients" name="test_update_collection_recipients" time="0.106" /><testcase classname="backend.tests.test_crop_credits_160.TestCollectionRecipients" name="test_get_collection_recipients_after_update" time="0.121" /><testcase classname="backend.tests.test_crop_credits_160.TestCollectionRecipients" name="test_collection_recipients_requires_auth" time="0.092"><failure message="assert 403 == 401&#10; +  where 403 = &lt;Response [403]&gt;.status_code">backend/tests/test_crop_credits_160.py:460: in test_collection_recipients_requires_auth
    assert res.status_code == 401
E   assert 403 == 401
E    +  where 403 = &lt;Response [403]&gt;.status_code</failure></testcase><testcase classname="backend.tests.test_crop_credits_160.TestEndpointRegistration" name="test_crop_credits_route_accessible" time="0.098" /><testcase classname="backend.tests.test_crop_credits_160.TestEndpointRegistration" name="test_signatures_route_accessible" time="0.120" /><testcase classname="backend.tests.test_crop_credits_160.TestEndpointRegistration" name="test_settings_collection_route_accessible" time="0.100" /></testsuite></testsuites>