<?xml version="1.0" encoding="utf-8"?><testsuites name="pytest tests"><testsuite name="pytest" errors="0" failures="0" skipped="0" tests="38" time="4.178" timestamp="2026-04-30T07:23:29.194535+00:00" hostname="agent-env-a59be653-09d0-4967-b9ed-08920ef0b950"><testcase classname="backend.tests.test_audit_deep_analysis_phase1.TestKpiRibbon" name="test_kpis_block_present" time="1.068" /><testcase classname="backend.tests.test_audit_deep_analysis_phase1.TestKpiRibbon" name="test_kpis_core_numeric_fields" time="0.000" /><testcase classname="backend.tests.test_audit_deep_analysis_phase1.TestKpiRibbon" name="test_kpis_payment_mix_structure" time="0.000" /><testcase classname="backend.tests.test_audit_deep_analysis_phase1.TestKpiRibbon" name="test_kpis_gross_margin_matches_revenue_cogs" time="0.000" /><testcase classname="backend.tests.test_audit_deep_analysis_phase1.TestKpiRibbon" name="test_kpis_void_rate_matches" time="0.000" /><testcase classname="backend.tests.test_audit_deep_analysis_phase1.TestKpisPrevAndTrend" name="test_kpis_prev_present" time="0.000" /><testcase classname="backend.tests.test_audit_deep_analysis_phase1.TestKpisPrevAndTrend" name="test_kpis_trend_deltas" time="0.000" /><testcase classname="backend.tests.test_audit_deep_analysis_phase1.TestScores" name="test_scores_block_present" time="0.000" /><testcase classname="backend.tests.test_audit_deep_analysis_phase1.TestScores" name="test_health_score_range_and_label" time="0.000" /><testcase classname="backend.tests.test_audit_deep_analysis_phase1.TestScores" name="test_fraud_risk_score_range_and_label" time="0.000" /><testcase classname="backend.tests.test_audit_deep_analysis_phase1.TestScores" name="test_risk_breakdown_structure" time="0.000" /><testcase classname="backend.tests.test_audit_deep_analysis_phase1.TestScores" name="test_risk_breakdown_caps" time="0.000" /><testcase classname="backend.tests.test_audit_deep_analysis_phase1.TestScores" name="test_fraud_risk_score_matches_breakdown" time="0.000" /><testcase classname="backend.tests.test_audit_deep_analysis_phase1.TestScores" name="test_section_scores_weighted" time="0.000" /><testcase classname="backend.tests.test_audit_deep_analysis_phase1.TestScores" name="test_section_weights_sum_to_100" time="0.000" /><testcase classname="backend.tests.test_audit_deep_analysis_phase1.TestRegressionExistingSections" name="test_all_preexisting_sections_present" time="0.000" /><testcase classname="backend.tests.test_audit_deep_analysis_phase1.TestRegressionExistingSections" name="test_cash_formula_still_there" time="0.000" /><testcase classname="backend.tests.test_audit_deep_analysis_phase1.TestRegressionExistingSections" name="test_unverified_section_intact" time="0.000" /><testcase classname="backend.tests.test_audit_deep_analysis_phase1.TestAuditSessionsCrud" name="test_create_update_complete_session" time="0.555" /><testcase classname="backend.tests.test_audit_center_93.TestAuditComputeEndpoint" name="test_audit_compute_returns_200" time="0.462" /><testcase classname="backend.tests.test_audit_center_93.TestCashReconciliationFormula" name="test_cash_section_has_formula_components" time="0.081" /><testcase classname="backend.tests.test_audit_center_93.TestCashReconciliationFormula" name="test_cash_section_has_ar_payments_detail" time="0.072" /><testcase classname="backend.tests.test_audit_center_93.TestCashReconciliationFormula" name="test_cash_section_has_fund_transfer_details" time="0.067" /><testcase classname="backend.tests.test_audit_center_93.TestExpenseDetailsWithReceipts" name="test_expenses_have_verification_status" time="0.067" /><testcase classname="backend.tests.test_audit_center_93.TestUnverifiedItemsSection" name="test_unverified_section_structure" time="0.068" /><testcase classname="backend.tests.test_audit_center_93.TestUnverifiedItemsSection" name="test_unverified_expenses_have_receipt_indicator" time="0.068" /><testcase classname="backend.tests.test_audit_center_93.TestUnverifiedItemsSection" name="test_unverified_pos_have_receipt_indicator" time="0.064" /><testcase classname="backend.tests.test_audit_center_93.TestPayablesSection" name="test_payables_has_po_details" time="0.066" /><testcase classname="backend.tests.test_audit_center_93.TestPartialAndSplitInvoices" name="test_partial_invoices_detail" time="0.066" /><testcase classname="backend.tests.test_audit_center_93.TestPartialAndSplitInvoices" name="test_split_invoices_detail" time="0.071" /><testcase classname="backend.tests.test_audit_center_93.TestOverallAuditScore" name="test_audit_includes_all_severity_sections" time="0.074" /><testcase classname="backend.tests.test_audit_center_clickable_96.TestAuditCenterFormula" name="test_audit_compute_returns_correct_formula" time="0.450" /><testcase classname="backend.tests.test_audit_center_clickable_96.TestAuditCenterFormula" name="test_audit_compute_includes_fund_transfer_fields" time="0.132" /><testcase classname="backend.tests.test_audit_center_clickable_96.TestInvoiceDetailModalEndpoints" name="test_invoice_by_number_returns_invoice" time="0.099" /><testcase classname="backend.tests.test_audit_center_clickable_96.TestInvoiceDetailModalEndpoints" name="test_po_by_number_returns_po_collection" time="0.108" /><testcase classname="backend.tests.test_audit_center_clickable_96.TestInvoiceDetailModalEndpoints" name="test_expense_by_id_returns_expense" time="0.103" /><testcase classname="backend.tests.test_audit_center_clickable_96.TestUnverifiedItemsReferenceNumber" name="test_unverified_expenses_have_reference_number_field" time="0.133" /><testcase classname="backend.tests.test_audit_center_clickable_96.TestUnverifiedItemsReferenceNumber" name="test_cash_expenses_have_reference_number_field" time="0.140" /></testsuite></testsuites>