<?xml version="1.0" encoding="utf-8"?><testsuites name="pytest tests"><testsuite name="pytest" errors="0" failures="0" skipped="0" tests="8" time="3.550" timestamp="2026-04-30T04:22:09.294194+00:00" hostname="agent-env-61af48f4-6770-438c-a109-0c7a21a09e67"><testcase classname="test_price_match_194" name="test_price_match_without_pin_returns_422" time="1.014" /><testcase classname="test_price_match_194" name="test_price_match_invalid_pin_rejected" time="0.366" /><testcase classname="test_price_match_194" name="test_price_match_admin_pin_persists_and_logs" time="0.350" /><testcase classname="test_price_match_194" name="test_price_match_manager_pin_works" time="0.352" /><testcase classname="test_price_match_194" name="test_price_match_capital_floor_logic_unchanged" time="0.346" /><testcase classname="test_price_match_194" name="test_price_changes_list_endpoint" time="0.444" /><testcase classname="test_price_match_194" name="test_price_changes_product_history" time="0.444" /><testcase classname="test_price_match_194" name="test_daily_close_preview_includes_breakdown" time="0.117" /></testsuite></testsuites>