<?xml version="1.0" encoding="utf-8"?><testsuites name="pytest tests"><testsuite name="pytest" errors="0" failures="0" skipped="0" tests="24" time="2.970" timestamp="2026-04-28T03:47:23.672224+00:00" hostname="agent-env-656f829e-8ca5-4813-9b21-1368a10d5dc2"><testcase classname="backend.tests.test_signature_and_price_manager_168.TestSignatureVerifyEndpoint" name="test_verify_no_auth_returns_401_or_403" time="0.287" /><testcase classname="backend.tests.test_signature_and_price_manager_168.TestSignatureVerifyEndpoint" name="test_verify_short_token_returns_400" time="0.504" /><testcase classname="backend.tests.test_signature_and_price_manager_168.TestSignatureVerifyEndpoint" name="test_verify_nonexistent_token_returns_404" time="0.092" /><testcase classname="backend.tests.test_signature_and_price_manager_168.TestSignatureVerifyEndpoint" name="test_verify_empty_token_returns_400" time="0.052" /><testcase classname="backend.tests.test_signature_and_price_manager_168.TestSignatureVerifyEndpoint" name="test_verify_7char_token_returns_400" time="0.046" /><testcase classname="backend.tests.test_signature_and_price_manager_168.TestSignatureVerifyEndpoint" name="test_verify_lowercase_8char_is_case_insensitive" time="0.049" /><testcase classname="backend.tests.test_signature_and_price_manager_168.TestBranchPricesBulkUpdate" name="test_bulk_update_no_auth_returns_401_or_403" time="0.161" /><testcase classname="backend.tests.test_signature_and_price_manager_168.TestBranchPricesBulkUpdate" name="test_bulk_update_prices_only_does_not_touch_capital_method" time="0.149" /><testcase classname="backend.tests.test_signature_and_price_manager_168.TestBranchPricesBulkUpdate" name="test_bulk_update_with_cost_price_creates_capital_change_log" time="0.090" /><testcase classname="backend.tests.test_signature_and_price_manager_168.TestBranchPricesBulkUpdate" name="test_bulk_update_with_cost_price_does_not_set_products_capital_method" time="0.138" /><testcase classname="backend.tests.test_signature_and_price_manager_168.TestBranchPricesBulkUpdate" name="test_bulk_update_empty_items_returns_400" time="0.045" /><testcase classname="backend.tests.test_signature_and_price_manager_168.TestBranchPricesBulkUpdate" name="test_bulk_update_no_items_key_returns_400" time="0.044" /><testcase classname="backend.tests.test_signature_and_price_manager_168.TestProductsBulkPriceUpdate" name="test_bulk_price_update_no_auth_returns_401_or_403" time="0.125" /><testcase classname="backend.tests.test_signature_and_price_manager_168.TestProductsBulkPriceUpdate" name="test_bulk_price_update_updates_prices_correctly" time="0.157" /><testcase classname="backend.tests.test_signature_and_price_manager_168.TestProductsBulkPriceUpdate" name="test_bulk_price_update_does_not_touch_cost_price" time="0.139" /><testcase classname="backend.tests.test_signature_and_price_manager_168.TestProductsBulkPriceUpdate" name="test_bulk_price_update_empty_items_returns_400" time="0.045" /><testcase classname="backend.tests.test_signature_and_price_manager_168.TestPOAutoSwitchRegression" name="test_po_endpoint_exists_and_requires_auth" time="0.105" /><testcase classname="backend.tests.test_signature_and_price_manager_168.TestPOAutoSwitchRegression" name="test_capital_changes_collection_accessible" time="0.047" /><testcase classname="backend.tests.test_signature_and_price_manager_168.TestPOAutoSwitchRegression" name="test_po_list_endpoint_accessible" time="0.064" /><testcase classname="backend.tests.test_signature_and_price_manager_168.TestPOAutoSwitchRegression" name="test_bulk_update_does_not_set_products_capital_method_from_po_path" time="0.136" /><testcase classname="backend.tests.test_signature_and_price_manager_168.TestSignatureEndpointStructure" name="test_session_endpoint_requires_auth" time="0.125" /><testcase classname="backend.tests.test_signature_and_price_manager_168.TestSignatureEndpointStructure" name="test_status_endpoint_requires_auth" time="0.126" /><testcase classname="backend.tests.test_signature_and_price_manager_168.TestSignatureEndpointStructure" name="test_verify_endpoint_404_detail_message" time="0.047" /><testcase classname="backend.tests.test_signature_and_price_manager_168.TestSignatureEndpointStructure" name="test_verify_400_detail_message" time="0.044" /></testsuite></testsuites>