<?xml version="1.0" encoding="utf-8"?><testsuites name="pytest tests"><testsuite name="pytest" errors="0" failures="0" skipped="0" tests="19" time="1.819" timestamp="2026-04-30T07:13:03.158079+00:00" hostname="agent-env-a59be653-09d0-4967-b9ed-08920ef0b950"><testcase classname="backend.tests.test_audit_deep_analysis_phase1.TestKpiRibbon" name="test_kpis_block_present" time="1.093" /><testcase classname="backend.tests.test_audit_deep_analysis_phase1.TestKpiRibbon" name="test_kpis_core_numeric_fields" time="0.000" /><testcase classname="backend.tests.test_audit_deep_analysis_phase1.TestKpiRibbon" name="test_kpis_payment_mix_structure" time="0.000" /><testcase classname="backend.tests.test_audit_deep_analysis_phase1.TestKpiRibbon" name="test_kpis_gross_margin_matches_revenue_cogs" time="0.000" /><testcase classname="backend.tests.test_audit_deep_analysis_phase1.TestKpiRibbon" name="test_kpis_void_rate_matches" time="0.000" /><testcase classname="backend.tests.test_audit_deep_analysis_phase1.TestKpisPrevAndTrend" name="test_kpis_prev_present" time="0.000" /><testcase classname="backend.tests.test_audit_deep_analysis_phase1.TestKpisPrevAndTrend" name="test_kpis_trend_deltas" time="0.000" /><testcase classname="backend.tests.test_audit_deep_analysis_phase1.TestScores" name="test_scores_block_present" time="0.000" /><testcase classname="backend.tests.test_audit_deep_analysis_phase1.TestScores" name="test_health_score_range_and_label" time="0.000" /><testcase classname="backend.tests.test_audit_deep_analysis_phase1.TestScores" name="test_fraud_risk_score_range_and_label" time="0.000" /><testcase classname="backend.tests.test_audit_deep_analysis_phase1.TestScores" name="test_risk_breakdown_structure" time="0.000" /><testcase classname="backend.tests.test_audit_deep_analysis_phase1.TestScores" name="test_risk_breakdown_caps" time="0.000" /><testcase classname="backend.tests.test_audit_deep_analysis_phase1.TestScores" name="test_fraud_risk_score_matches_breakdown" time="0.000" /><testcase classname="backend.tests.test_audit_deep_analysis_phase1.TestScores" name="test_section_scores_weighted" time="0.000" /><testcase classname="backend.tests.test_audit_deep_analysis_phase1.TestScores" name="test_section_weights_sum_to_100" time="0.000" /><testcase classname="backend.tests.test_audit_deep_analysis_phase1.TestRegressionExistingSections" name="test_all_preexisting_sections_present" time="0.000" /><testcase classname="backend.tests.test_audit_deep_analysis_phase1.TestRegressionExistingSections" name="test_cash_formula_still_there" time="0.000" /><testcase classname="backend.tests.test_audit_deep_analysis_phase1.TestRegressionExistingSections" name="test_unverified_section_intact" time="0.000" /><testcase classname="backend.tests.test_audit_deep_analysis_phase1.TestAuditSessionsCrud" name="test_create_update_complete_session" time="0.582" /></testsuite></testsuites>