<?xml version="1.0" encoding="utf-8"?><testsuites name="pytest tests"><testsuite name="pytest" errors="0" failures="0" skipped="0" tests="9" time="2.520" timestamp="2026-04-30T07:23:22.222327+00:00" hostname="agent-env-a59be653-09d0-4967-b9ed-08920ef0b950"><testcase classname="backend.tests.test_audit_pulse.TestAuth" name="test_pulse_requires_auth" time="0.212" /><testcase classname="backend.tests.test_audit_pulse.TestPulsePayload" name="test_pulse_default_days_30_shape" time="0.911" /><testcase classname="backend.tests.test_audit_pulse.TestPulsePayload" name="test_pulse_kpis_block" time="0.127" /><testcase classname="backend.tests.test_audit_pulse.TestPulsePayload" name="test_top_risk_factors_rules" time="0.151" /><testcase classname="backend.tests.test_audit_pulse.TestDaysWindow" name="test_days_param[7-6]" time="0.137" /><testcase classname="backend.tests.test_audit_pulse.TestDaysWindow" name="test_days_param[30-29]" time="0.127" /><testcase classname="backend.tests.test_audit_pulse.TestDaysWindow" name="test_days_param[90-89]" time="0.119" /><testcase classname="backend.tests.test_audit_pulse.TestBranchScope" name="test_branch_id_scopes_response" time="0.260" /><testcase classname="backend.tests.test_audit_pulse.TestConsistencyWithCompute" name="test_scores_match_compute" time="0.330" /></testsuite></testsuites>