<?xml version="1.0" encoding="utf-8"?><testsuites name="pytest tests"><testsuite name="pytest" errors="0" failures="0" skipped="0" tests="10" time="2.096" timestamp="2026-04-24T06:27:23.894711+00:00" hostname="agent-env-0f7f8bf8-c5c1-4e6f-9569-82af5b4e39de"><testcase classname="backend.tests.test_crop_credits_161.TestInvoiceNumberInAddCredit" name="test_add_credit_with_invoice_number" time="0.696" /><testcase classname="backend.tests.test_crop_credits_161.TestInvoiceNumberInAddCredit" name="test_add_credit_without_invoice_number" time="0.132" /><testcase classname="backend.tests.test_crop_credits_161.TestInvoiceNumberInAddCredit" name="test_add_credit_principal_balance_updated" time="0.259" /><testcase classname="backend.tests.test_crop_credits_161.TestCheckBlockEndpoint" name="test_check_block_for_customer_with_active_credit" time="0.237" /><testcase classname="backend.tests.test_crop_credits_161.TestCheckBlockEndpoint" name="test_check_block_returns_active_credit_details" time="0.109" /><testcase classname="backend.tests.test_crop_credits_161.TestCheckBlockEndpoint" name="test_check_block_nonexistent_customer" time="0.100" /><testcase classname="backend.tests.test_crop_credits_161.TestCropCreditStructure" name="test_credits_field_has_invoice_number" time="0.143" /><testcase classname="backend.tests.test_crop_credits_161.TestCropCreditStructure" name="test_crop_credit_has_expected_status_fields" time="0.102" /><testcase classname="backend.tests.test_crop_credits_161.TestCropCreditTypeDialogBackend" name="test_check_block_returns_correct_structure_for_dialog" time="0.101" /><testcase classname="backend.tests.test_crop_credits_161.TestCropCreditTypeDialogBackend" name="test_invoices_endpoint_for_term_linking" time="0.142" /></testsuite></testsuites>