<?xml version="1.0" encoding="utf-8"?><testsuites name="pytest tests"><testsuite name="pytest" errors="0" failures="0" skipped="0" tests="6" time="1.288" timestamp="2026-05-07T11:34:47.931124+00:00" hostname="agent-env-d34aa4af-bf4c-41db-8d52-1862bd445fdd"><testcase classname="tests.test_iter252_live_endpoints" name="test_offline_reconciliation_list_open" time="0.539" /><testcase classname="tests.test_iter252_live_endpoints" name="test_reconcile_orphan_nonexistent_returns_404" time="0.128" /><testcase classname="tests.test_iter252_live_endpoints" name="test_reconcile_orphan_confirm_without_pin_400" time="0.123" /><testcase classname="tests.test_iter252_live_endpoints" name="test_reconcile_orphan_confirm_wrong_pin" time="0.181" /><testcase classname="tests.test_iter252_live_endpoints" name="test_invoices_by_number_unknown_404" time="0.122" /><testcase classname="tests.test_iter252_live_endpoints" name="test_view_doc_code_unknown_404" time="0.135" /></testsuite></testsuites>