<?xml version="1.0" encoding="utf-8"?><testsuites name="pytest tests"><testsuite name="pytest" errors="0" failures="0" skipped="0" tests="19" time="2.552" timestamp="2026-04-30T07:13:12.037961+00:00" hostname="agent-env-a59be653-09d0-4967-b9ed-08920ef0b950"><testcase classname="backend.tests.test_audit_center_93.TestAuditComputeEndpoint" name="test_audit_compute_returns_200" time="0.525" /><testcase classname="backend.tests.test_audit_center_93.TestCashReconciliationFormula" name="test_cash_section_has_formula_components" time="0.074" /><testcase classname="backend.tests.test_audit_center_93.TestCashReconciliationFormula" name="test_cash_section_has_ar_payments_detail" time="0.068" /><testcase classname="backend.tests.test_audit_center_93.TestCashReconciliationFormula" name="test_cash_section_has_fund_transfer_details" time="0.066" /><testcase classname="backend.tests.test_audit_center_93.TestExpenseDetailsWithReceipts" name="test_expenses_have_verification_status" time="0.066" /><testcase classname="backend.tests.test_audit_center_93.TestUnverifiedItemsSection" name="test_unverified_section_structure" time="0.065" /><testcase classname="backend.tests.test_audit_center_93.TestUnverifiedItemsSection" name="test_unverified_expenses_have_receipt_indicator" time="0.068" /><testcase classname="backend.tests.test_audit_center_93.TestUnverifiedItemsSection" name="test_unverified_pos_have_receipt_indicator" time="0.077" /><testcase classname="backend.tests.test_audit_center_93.TestPayablesSection" name="test_payables_has_po_details" time="0.071" /><testcase classname="backend.tests.test_audit_center_93.TestPartialAndSplitInvoices" name="test_partial_invoices_detail" time="0.070" /><testcase classname="backend.tests.test_audit_center_93.TestPartialAndSplitInvoices" name="test_split_invoices_detail" time="0.068" /><testcase classname="backend.tests.test_audit_center_93.TestOverallAuditScore" name="test_audit_includes_all_severity_sections" time="0.064" /><testcase classname="backend.tests.test_audit_center_clickable_96.TestAuditCenterFormula" name="test_audit_compute_returns_correct_formula" time="0.498" /><testcase classname="backend.tests.test_audit_center_clickable_96.TestAuditCenterFormula" name="test_audit_compute_includes_fund_transfer_fields" time="0.136" /><testcase classname="backend.tests.test_audit_center_clickable_96.TestInvoiceDetailModalEndpoints" name="test_invoice_by_number_returns_invoice" time="0.098" /><testcase classname="backend.tests.test_audit_center_clickable_96.TestInvoiceDetailModalEndpoints" name="test_po_by_number_returns_po_collection" time="0.107" /><testcase classname="backend.tests.test_audit_center_clickable_96.TestInvoiceDetailModalEndpoints" name="test_expense_by_id_returns_expense" time="0.099" /><testcase classname="backend.tests.test_audit_center_clickable_96.TestUnverifiedItemsReferenceNumber" name="test_unverified_expenses_have_reference_number_field" time="0.123" /><testcase classname="backend.tests.test_audit_center_clickable_96.TestUnverifiedItemsReferenceNumber" name="test_cash_expenses_have_reference_number_field" time="0.132" /></testsuite></testsuites>