<?xml version="1.0" encoding="utf-8"?><testsuites name="pytest tests"><testsuite name="pytest" errors="0" failures="0" skipped="0" tests="8" time="3.653" timestamp="2026-04-30T04:23:14.857899+00:00" hostname="agent-env-61af48f4-6770-438c-a109-0c7a21a09e67"><testcase classname="test_price_match_194_edge" name="test_price_change_reasons_endpoint" time="1.037" /><testcase classname="test_price_match_194_edge" name="test_price_changes_filter_by_reason" time="0.820" /><testcase classname="test_price_match_194_edge" name="test_price_change_log_delta_math" time="0.347" /><testcase classname="test_price_match_194_edge" name="test_only_active_scheme_updated" time="0.351" /><testcase classname="test_price_match_194_edge" name="test_discount_only_flow_no_reason_required" time="0.145" /><testcase classname="test_price_match_194_edge" name="test_daily_close_preview_discount_breakdown_structure" time="0.597" /><testcase classname="test_price_match_194_edge" name="test_discount_audit_report_regression" time="0.110" /><testcase classname="test_price_match_194_edge" name="test_pin_policy_includes_price_match" time="0.111" /></testsuite></testsuites>