<?xml version="1.0" encoding="utf-8"?><testsuites name="pytest tests"><testsuite name="pytest" errors="0" failures="0" skipped="0" tests="14" time="4.680" timestamp="2026-04-29T14:34:30.998677+00:00" hostname="agent-env-a4e5606e-77ab-428e-91e0-a9ffbb43b886"><testcase classname="tests.test_offline_mode_192_edge" name="test_cash_sale_with_bypass_does_not_create_session" time="0.970" /><testcase classname="tests.test_offline_mode_192_edge" name="test_credit_sale_no_customer_does_not_create_session" time="0.132" /><testcase classname="tests.test_offline_mode_192_edge" name="test_credit_sale_missing_reason_uses_default" time="0.135" /><testcase classname="tests.test_offline_mode_192_edge" name="test_search_blob_lowercase_contract" time="0.119" /><testcase classname="tests.test_offline_mode_192_edge" name="test_ma_lp_present_after_recent_movement" time="0.131" /><testcase classname="tests.test_offline_mode_192_edge" name="test_offline_summary_clamping_edges" time="0.472" /><testcase classname="tests.test_offline_mode_192_edge" name="test_api_health_endpoint" time="0.107" /><testcase classname="tests.test_offline_mode_192_edge" name="test_envelope_id_concurrent_race_creates_only_one_invoice" time="0.151" /><testcase classname="tests.test_offline_mode_192_edge" name="test_regression_login_and_endpoints" time="0.688" /><testcase classname="tests.test_offline_mode_192_edge" name="test_admin_pin_hash_returns_none_when_missing" time="0.130" /><testcase classname="tests.test_offline_mode_192" name="test_sync_posdata_enrichment" time="0.915" /><testcase classname="tests.test_offline_mode_192" name="test_sales_sync_offline_bypass_creates_signature_session" time="0.120" /><testcase classname="tests.test_offline_mode_192" name="test_envelope_id_duplicate_returns_duplicate_status" time="0.238" /><testcase classname="tests.test_offline_mode_192" name="test_offline_sync_summary_endpoint" time="0.225" /></testsuite></testsuites>