<?xml version="1.0" encoding="utf-8"?><testsuites name="pytest tests"><testsuite name="pytest" errors="0" failures="0" skipped="0" tests="9" time="0.573" timestamp="2026-05-07T11:33:25.678452+00:00" hostname="agent-env-d34aa4af-bf4c-41db-8d52-1862bd445fdd"><testcase classname="tests.test_linked_offline_draft_finalization_iter252" name="test_offline_draft_finalization_happy_path" time="0.014" /><testcase classname="tests.test_linked_offline_draft_finalization_iter252" name="test_offline_draft_finalization_idempotent" time="0.008" /><testcase classname="tests.test_linked_offline_draft_finalization_iter252" name="test_offline_draft_conflict_already_paid" time="0.005" /><testcase classname="tests.test_linked_offline_draft_finalization_iter252" name="test_offline_draft_conflict_not_found" time="0.004" /><testcase classname="tests.test_linked_offline_draft_finalization_iter252" name="test_doc_lookup_resolves_both_numbers" time="0.005" /><testcase classname="tests.test_close_wizard_credit_refactor_feb2026" name="test_cash_sales_do_not_leak_into_ar" time="0.006" /><testcase classname="tests.test_close_wizard_credit_refactor_feb2026" name="test_ar_pipeline_includes_same_day_partials" time="0.005" /><testcase classname="tests.test_close_wizard_credit_refactor_feb2026" name="test_credit_sales_today_enrichment" time="0.004" /><testcase classname="tests.test_close_wizard_credit_refactor_feb2026" name="test_math_invariant_no_double_count" time="0.005" /></testsuite></testsuites>