<?xml version="1.0" encoding="utf-8"?><testsuites name="pytest tests"><testsuite name="pytest" errors="0" failures="0" skipped="0" tests="70" time="13.039" timestamp="2026-04-30T08:09:46.908387+00:00" hostname="agent-env-a59be653-09d0-4967-b9ed-08920ef0b950"><testcase classname="backend.tests.test_audit_pulse.TestAuth" name="test_pulse_requires_auth" time="0.147" /><testcase classname="backend.tests.test_audit_pulse.TestPulsePayload" name="test_pulse_default_days_30_shape" time="0.905" /><testcase classname="backend.tests.test_audit_pulse.TestPulsePayload" name="test_pulse_kpis_block" time="0.122" /><testcase classname="backend.tests.test_audit_pulse.TestPulsePayload" name="test_top_risk_factors_rules" time="0.124" /><testcase classname="backend.tests.test_audit_pulse.TestDaysWindow" name="test_days_param[7-6]" time="0.131" /><testcase classname="backend.tests.test_audit_pulse.TestDaysWindow" name="test_days_param[30-29]" time="0.128" /><testcase classname="backend.tests.test_audit_pulse.TestDaysWindow" name="test_days_param[90-89]" time="0.129" /><testcase classname="backend.tests.test_audit_pulse.TestBranchScope" name="test_branch_id_scopes_response" time="0.236" /><testcase classname="backend.tests.test_audit_pulse.TestConsistencyWithCompute" name="test_scores_match_compute" time="0.291" /><testcase classname="backend.tests.test_audit_deep_analysis_phase1.TestKpiRibbon" name="test_kpis_block_present" time="1.057" /><testcase classname="backend.tests.test_audit_deep_analysis_phase1.TestKpiRibbon" name="test_kpis_core_numeric_fields" time="0.000" /><testcase classname="backend.tests.test_audit_deep_analysis_phase1.TestKpiRibbon" name="test_kpis_payment_mix_structure" time="0.000" /><testcase classname="backend.tests.test_audit_deep_analysis_phase1.TestKpiRibbon" name="test_kpis_gross_margin_matches_revenue_cogs" time="0.000" /><testcase classname="backend.tests.test_audit_deep_analysis_phase1.TestKpiRibbon" name="test_kpis_void_rate_matches" time="0.000" /><testcase classname="backend.tests.test_audit_deep_analysis_phase1.TestKpisPrevAndTrend" name="test_kpis_prev_present" time="0.000" /><testcase classname="backend.tests.test_audit_deep_analysis_phase1.TestKpisPrevAndTrend" name="test_kpis_trend_deltas" time="0.001" /><testcase classname="backend.tests.test_audit_deep_analysis_phase1.TestScores" name="test_scores_block_present" time="0.000" /><testcase classname="backend.tests.test_audit_deep_analysis_phase1.TestScores" name="test_health_score_range_and_label" time="0.000" /><testcase classname="backend.tests.test_audit_deep_analysis_phase1.TestScores" name="test_fraud_risk_score_range_and_label" time="0.000" /><testcase classname="backend.tests.test_audit_deep_analysis_phase1.TestScores" name="test_risk_breakdown_structure" time="0.000" /><testcase classname="backend.tests.test_audit_deep_analysis_phase1.TestScores" name="test_risk_breakdown_caps" time="0.000" /><testcase classname="backend.tests.test_audit_deep_analysis_phase1.TestScores" name="test_fraud_risk_score_matches_breakdown" time="0.000" /><testcase classname="backend.tests.test_audit_deep_analysis_phase1.TestScores" name="test_section_scores_weighted" time="0.000" /><testcase classname="backend.tests.test_audit_deep_analysis_phase1.TestScores" name="test_section_weights_sum_to_100" time="0.000" /><testcase classname="backend.tests.test_audit_deep_analysis_phase1.TestRegressionExistingSections" name="test_all_preexisting_sections_present" time="0.000" /><testcase classname="backend.tests.test_audit_deep_analysis_phase1.TestRegressionExistingSections" name="test_cash_formula_still_there" time="0.000" /><testcase classname="backend.tests.test_audit_deep_analysis_phase1.TestRegressionExistingSections" name="test_unverified_section_intact" time="0.000" /><testcase classname="backend.tests.test_audit_deep_analysis_phase1.TestAuditSessionsCrud" name="test_create_update_complete_session" time="0.533" /><testcase classname="backend.tests.test_audit_center_93.TestAuditComputeEndpoint" name="test_audit_compute_returns_200" time="0.495" /><testcase classname="backend.tests.test_audit_center_93.TestCashReconciliationFormula" name="test_cash_section_has_formula_components" time="0.076" /><testcase classname="backend.tests.test_audit_center_93.TestCashReconciliationFormula" name="test_cash_section_has_ar_payments_detail" time="0.070" /><testcase classname="backend.tests.test_audit_center_93.TestCashReconciliationFormula" name="test_cash_section_has_fund_transfer_details" time="0.077" /><testcase classname="backend.tests.test_audit_center_93.TestExpenseDetailsWithReceipts" name="test_expenses_have_verification_status" time="0.076" /><testcase classname="backend.tests.test_audit_center_93.TestUnverifiedItemsSection" name="test_unverified_section_structure" time="0.076" /><testcase classname="backend.tests.test_audit_center_93.TestUnverifiedItemsSection" name="test_unverified_expenses_have_receipt_indicator" time="0.081" /><testcase classname="backend.tests.test_audit_center_93.TestUnverifiedItemsSection" name="test_unverified_pos_have_receipt_indicator" time="0.072" /><testcase classname="backend.tests.test_audit_center_93.TestPayablesSection" name="test_payables_has_po_details" time="0.074" /><testcase classname="backend.tests.test_audit_center_93.TestPartialAndSplitInvoices" name="test_partial_invoices_detail" time="0.071" /><testcase classname="backend.tests.test_audit_center_93.TestPartialAndSplitInvoices" name="test_split_invoices_detail" time="0.069" /><testcase classname="backend.tests.test_audit_center_93.TestOverallAuditScore" name="test_audit_includes_all_severity_sections" time="0.084" /><testcase classname="backend.tests.test_audit_center_clickable_96.TestAuditCenterFormula" name="test_audit_compute_returns_correct_formula" time="0.498" /><testcase classname="backend.tests.test_audit_center_clickable_96.TestAuditCenterFormula" name="test_audit_compute_includes_fund_transfer_fields" time="0.133" /><testcase classname="backend.tests.test_audit_center_clickable_96.TestInvoiceDetailModalEndpoints" name="test_invoice_by_number_returns_invoice" time="0.101" /><testcase classname="backend.tests.test_audit_center_clickable_96.TestInvoiceDetailModalEndpoints" name="test_po_by_number_returns_po_collection" time="0.103" /><testcase classname="backend.tests.test_audit_center_clickable_96.TestInvoiceDetailModalEndpoints" name="test_expense_by_id_returns_expense" time="0.099" /><testcase classname="backend.tests.test_audit_center_clickable_96.TestUnverifiedItemsReferenceNumber" name="test_unverified_expenses_have_reference_number_field" time="0.125" /><testcase classname="backend.tests.test_audit_center_clickable_96.TestUnverifiedItemsReferenceNumber" name="test_cash_expenses_have_reference_number_field" time="0.125" /><testcase classname="backend.tests.test_overage_reserve.TestReserveSummary" name="test_summary_requires_auth" time="0.095" /><testcase classname="backend.tests.test_overage_reserve.TestReserveSummary" name="test_summary_shape_and_multitenant_scoping" time="0.937" /><testcase classname="backend.tests.test_overage_reserve.TestReserveSummary" name="test_summary_branch_id_filter" time="0.105" /><testcase classname="backend.tests.test_overage_reserve.TestBackfillAndAutoHook" name="test_backfill_creates_entries" time="0.117" /><testcase classname="backend.tests.test_overage_reserve.TestBackfillAndAutoHook" name="test_backfill_idempotent" time="0.109" /><testcase classname="backend.tests.test_overage_reserve.TestBackfillAndAutoHook" name="test_summary_reflects_seeded_balances" time="0.638" /><testcase classname="backend.tests.test_overage_reserve.TestLedger" name="test_ledger_paginated_and_schema" time="0.099" /><testcase classname="backend.tests.test_overage_reserve.TestLedger" name="test_ledger_pool_filter" time="0.101" /><testcase classname="backend.tests.test_overage_reserve.TestLedger" name="test_ledger_type_filter" time="0.106" /><testcase classname="backend.tests.test_overage_reserve.TestLedger" name="test_balance_after_running_consistency" time="0.219" /><testcase classname="backend.tests.test_overage_reserve.TestApplyReserve" name="test_apply_rejects_invalid_pin" time="0.339" /><testcase classname="backend.tests.test_overage_reserve.TestApplyReserve" name="test_apply_rejects_missing_branch" time="0.100" /><testcase classname="backend.tests.test_overage_reserve.TestApplyReserve" name="test_apply_rejects_missing_reason" time="0.114" /><testcase classname="backend.tests.test_overage_reserve.TestApplyReserve" name="test_apply_rejects_invalid_applied_to" time="0.115" /><testcase classname="backend.tests.test_overage_reserve.TestApplyReserve" name="test_apply_rejects_overdraw" time="0.441" /><testcase classname="backend.tests.test_overage_reserve.TestApplyReserve" name="test_apply_success_debits_reserve" time="0.458" /><testcase classname="backend.tests.test_overage_reserve.TestNetShortage" name="test_net_shortage_requires_pin" time="0.339" /><testcase classname="backend.tests.test_overage_reserve.TestNetShortage" name="test_net_shortage_rejects_above_cap" time="0.326" /><testcase classname="backend.tests.test_overage_reserve.TestNetShortage" name="test_net_shortage_success_paired" time="0.442" /><testcase classname="backend.tests.test_overage_reserve.TestClawBack" name="test_claw_back_full_flow" time="0.553" /><testcase classname="backend.tests.test_overage_reserve.TestClawBack" name="test_claw_back_invalid_pin" time="0.428" /><testcase classname="backend.tests.test_overage_reserve.TestAuditComputeReserveField" name="test_compute_includes_reserve_for_branch" time="0.201" /><testcase classname="backend.tests.test_overage_reserve.TestAuditComputeReserveField" name="test_compute_orgwide_reserve_null" time="0.158" /></testsuite></testsuites>