<?xml version="1.0" encoding="utf-8"?><testsuites name="pytest tests"><testsuite name="pytest" errors="0" failures="0" skipped="0" tests="23" time="6.150" timestamp="2026-04-30T08:09:35.079398+00:00" hostname="agent-env-a59be653-09d0-4967-b9ed-08920ef0b950"><testcase classname="backend.tests.test_overage_reserve.TestReserveSummary" name="test_summary_requires_auth" time="0.253" /><testcase classname="backend.tests.test_overage_reserve.TestReserveSummary" name="test_summary_shape_and_multitenant_scoping" time="0.930" /><testcase classname="backend.tests.test_overage_reserve.TestReserveSummary" name="test_summary_branch_id_filter" time="0.112" /><testcase classname="backend.tests.test_overage_reserve.TestBackfillAndAutoHook" name="test_backfill_creates_entries" time="0.120" /><testcase classname="backend.tests.test_overage_reserve.TestBackfillAndAutoHook" name="test_backfill_idempotent" time="0.103" /><testcase classname="backend.tests.test_overage_reserve.TestBackfillAndAutoHook" name="test_summary_reflects_seeded_balances" time="0.107" /><testcase classname="backend.tests.test_overage_reserve.TestLedger" name="test_ledger_paginated_and_schema" time="0.107" /><testcase classname="backend.tests.test_overage_reserve.TestLedger" name="test_ledger_pool_filter" time="0.124" /><testcase classname="backend.tests.test_overage_reserve.TestLedger" name="test_ledger_type_filter" time="0.106" /><testcase classname="backend.tests.test_overage_reserve.TestLedger" name="test_balance_after_running_consistency" time="0.218" /><testcase classname="backend.tests.test_overage_reserve.TestApplyReserve" name="test_apply_rejects_invalid_pin" time="0.331" /><testcase classname="backend.tests.test_overage_reserve.TestApplyReserve" name="test_apply_rejects_missing_branch" time="0.109" /><testcase classname="backend.tests.test_overage_reserve.TestApplyReserve" name="test_apply_rejects_missing_reason" time="0.102" /><testcase classname="backend.tests.test_overage_reserve.TestApplyReserve" name="test_apply_rejects_invalid_applied_to" time="0.096" /><testcase classname="backend.tests.test_overage_reserve.TestApplyReserve" name="test_apply_rejects_overdraw" time="0.322" /><testcase classname="backend.tests.test_overage_reserve.TestApplyReserve" name="test_apply_success_debits_reserve" time="0.438" /><testcase classname="backend.tests.test_overage_reserve.TestNetShortage" name="test_net_shortage_requires_pin" time="0.326" /><testcase classname="backend.tests.test_overage_reserve.TestNetShortage" name="test_net_shortage_rejects_above_cap" time="0.323" /><testcase classname="backend.tests.test_overage_reserve.TestNetShortage" name="test_net_shortage_success_paired" time="0.440" /><testcase classname="backend.tests.test_overage_reserve.TestClawBack" name="test_claw_back_full_flow" time="0.565" /><testcase classname="backend.tests.test_overage_reserve.TestClawBack" name="test_claw_back_invalid_pin" time="0.454" /><testcase classname="backend.tests.test_overage_reserve.TestAuditComputeReserveField" name="test_compute_includes_reserve_for_branch" time="0.168" /><testcase classname="backend.tests.test_overage_reserve.TestAuditComputeReserveField" name="test_compute_orgwide_reserve_null" time="0.144" /></testsuite></testsuites>