<?xml version="1.0" encoding="utf-8"?><testsuites name="pytest tests"><testsuite name="pytest" errors="0" failures="0" skipped="0" tests="5" time="2.249" timestamp="2026-04-28T10:50:07.453345+00:00" hostname="agent-env-ef322d7b-b4b8-4121-8812-c37f2b0a0ec6"><testcase classname="backend.tests.test_price_schemes_import_170.TestRestoreDefaults" name="test_restore_when_all_exist_returns_zero" time="0.592" /><testcase classname="backend.tests.test_price_schemes_import_170.TestRestoreDefaults" name="test_restore_reactivates_soft_deleted_wholesale" time="0.843" /><testcase classname="backend.tests.test_price_schemes_import_170.TestImportAutoCreateScheme" name="test_import_auto_creates_wholesale_when_missing" time="0.549" /><testcase classname="backend.tests.test_price_schemes_import_170.TestImportAutoCreateScheme" name="test_import_retail_only_no_regression" time="0.106" /><testcase classname="backend.tests.test_price_schemes_import_170.TestRestorePermissions" name="test_restore_without_auth" time="0.096" /></testsuite></testsuites>