<?xml version="1.0" encoding="utf-8"?><testsuites name="pytest tests"><testsuite name="pytest" errors="0" failures="0" skipped="0" tests="9" time="4.719" timestamp="2026-04-30T06:28:44.112224+00:00" hostname="agent-env-61af48f4-6770-438c-a109-0c7a21a09e67"><testcase classname="tests.test_consistency_195" name="test_fix1_credit_return_reduces_customer_and_invoice_balance" time="1.155" /><testcase classname="tests.test_consistency_195" name="test_fix1_partial_cash_partial_ar_mix" time="0.229" /><testcase classname="tests.test_consistency_195" name="test_fix1_void_return_reverses_credit" time="0.546" /><testcase classname="tests.test_consistency_195" name="test_fix2_product_profit_shelf_return_reverses_both" time="0.474" /><testcase classname="tests.test_consistency_195" name="test_fix2_product_profit_pullout_return_revenue_only" time="0.512" /><testcase classname="tests.test_consistency_195" name="test_fix3_sales_reconciliation_formula" time="0.261" /><testcase classname="tests.test_consistency_195" name="test_fix4_po_reopen_flags_movements_and_moving_avg" time="0.556" /><testcase classname="tests.test_consistency_195" name="test_fix5_void_invoice_tags_discount_audit_log" time="0.735" /><testcase classname="tests.test_consistency_195" name="test_fix6_cash_reconciliation_wallet_movements" time="0.130" /></testsuite></testsuites>